[I 2026-06-02 07:13:28,528] Trial 73 finished with value: 23041.0 and parameters: {'tp1_r_multiple': 0.7000000000000001, 'tp2_r_multiple': 1.4000000000000001, 'tp3_r_multiple': 2.1, 'tp4_r_multiple': 3.0, 'tp5_r_multiple': 5.9, 'tp1_close_pct': 0.1, 'tp2_close_pct': 0.1, 'tp3_close_pct': 0.05, 'tp4_close_pct': 0.25, 'sl_after_tp2_r': 0.4, 'sl_after_tp3_r': 1.2000000000000002, 'sl_after_tp4_r': 1.3000000000000003}. Best is trial 24 with value: 1943365.0.
/usr/local/lib/python3.11/dist-packages/optuna/distributions.py:671: UserWarning: The distribution is specified by [0.45, 1.2000000000000002] and step=0.05, but the range is not divisible by `step`. It will be replaced with [0.45, 1.2].
  optuna_warn(
[I 2026-06-02 07:13:47,181] Trial 72 finished with value: -999960500.0 and parameters: {'tp1_r_multiple': 0.7000000000000001, 'tp2_r_multiple': 1.4000000000000001, 'tp3_r_multiple': 2.1, 'tp4_r_multiple': 3.0, 'tp5_r_multiple': 5.8, 'tp1_close_pct': 0.1, 'tp2_close_pct': 0.1, 'tp3_close_pct': 0.2, 'tp4_close_pct': 0.25, 'sl_after_tp2_r': 0.4, 'sl_after_tp3_r': 0.65, 'sl_after_tp4_r': 0.75}. Best is trial 24 with value: 1943365.0.
[I 2026-06-02 07:15:50,409] Trial 75 finished with value: -999988800.0 and parameters: {'tp1_r_multiple': 0.8, 'tp2_r_multiple': 1.2, 'tp3_r_multiple': 1.9, 'tp4_r_multiple': 3.5, 'tp5_r_multiple': 5.9, 'tp1_close_pct': 0.1, 'tp2_close_pct': 0.1, 'tp3_close_pct': 0.05, 'tp4_close_pct': 0.25, 'sl_after_tp2_r': 0.55, 'sl_after_tp3_r': 1.0, 'sl_after_tp4_r': 1.1}. Best is trial 24 with value: 1943365.0.
/usr/local/lib/python3.11/dist-packages/optuna/distributions.py:671: UserWarning: The distribution is specified by [1.1500000000000001, 2.0] and step=0.05, but the range is not divisible by `step`. It will be replaced with [1.1500000000000001, 1.9500000000000002].
  optuna_warn(
[I 2026-06-02 07:16:05,923] Trial 74 finished with value: 23420.999999999993 and parameters: {'tp1_r_multiple': 0.7000000000000001, 'tp2_r_multiple': 1.2000000000000002, 'tp3_r_multiple': 2.1, 'tp4_r_multiple': 3.5, 'tp5_r_multiple': 5.9, 'tp1_close_pct': 0.1, 'tp2_close_pct': 0.1, 'tp3_close_pct': 0.05, 'tp4_close_pct': 0.25, 'sl_after_tp2_r': 0.45, 'sl_after_tp3_r': 0.7, 'sl_after_tp4_r': 0.85}. Best is trial 24 with value: 1943365.0.
/usr/local/lib/python3.11/dist-packages/optuna/distributions.py:671: UserWarning: The distribution is specified by [1.1500000000000001, 1.9500000000000002] and step=0.05, but the range is not divisible by `step`. It will be replaced with [1.1500000000000001, 1.9500000000000002].
  optuna_warn(
[I 2026-06-02 07:18:11,704] Trial 76 finished with value: -999981500.0 and parameters: {'tp1_r_multiple': 0.6000000000000001, 'tp2_r_multiple': 1.3, 'tp3_r_multiple': 2.0, 'tp4_r_multiple': 3.4, 'tp5_r_multiple': 6.0, 'tp1_close_pct': 0.15000000000000002, 'tp2_close_pct': 0.1, 'tp3_close_pct': 0.25, 'tp4_close_pct': 0.3, 'sl_after_tp2_r': 0.45, 'sl_after_tp3_r': 1.1500000000000001, 'sl_after_tp4_r': 1.2500000000000002}. Best is trial 24 with value: 1943365.0.
/usr/local/lib/python3.11/dist-packages/optuna/distributions.py:671: UserWarning: The distribution is specified by [0.6000000000000001, 2.2] and step=0.05, but the range is not divisible by `step`. It will be replaced with [0.6000000000000001, 2.15].
  optuna_warn(
[I 2026-06-02 07:19:05,909] Trial 77 finished with value: -999803600.0 and parameters: {'tp1_r_multiple': 1.0, 'tp2_r_multiple': 1.4, 'tp3_r_multiple': 2.2, 'tp4_r_multiple': 3.4, 'tp5_r_multiple': 6.0, 'tp1_close_pct': 0.15000000000000002, 'tp2_close_pct': 0.1, 'tp3_close_pct': 0.25, 'tp4_close_pct': 0.3, 'sl_after_tp2_r': 0.7, 'sl_after_tp3_r': 1.2, 'sl_after_tp4_r': 1.25}. Best is trial 24 with value: 1943365.0.
/usr/local/lib/python3.11/dist-packages/optuna/distributions.py:671: UserWarning: The distribution is specified by [0.6000000000000001, 2.15] and step=0.05, but the range is not divisible by `step`. It will be replaced with [0.6000000000000001, 2.1].
  optuna_warn(
[I 2026-06-02 07:21:18,294] Trial 78 finished with value: -999949000.0 and parameters: {'tp1_r_multiple': 0.6000000000000001, 'tp2_r_multiple': 1.5, 'tp3_r_multiple': 2.2, 'tp4_r_multiple': 3.1, 'tp5_r_multiple': 5.5, 'tp1_close_pct': 0.30000000000000004, 'tp2_close_pct': 0.15000000000000002, 'tp3_close_pct': 0.1, 'tp4_close_pct': 0.1, 'sl_after_tp2_r': 0.45, 'sl_after_tp3_r': 0.6000000000000001, 'sl_after_tp4_r': 0.7000000000000001}. Best is trial 24 with value: 1943365.0.
[I 2026-06-02 07:30:46,498] Trial 79 finished with value: 998446.0 and parameters: {'tp1_r_multiple': 0.6000000000000001, 'tp2_r_multiple': 1.5, 'tp3_r_multiple': 2.2, 'tp4_r_multiple': 3.1, 'tp5_r_multiple': 5.5, 'tp1_close_pct': 0.25, 'tp2_close_pct': 0.15000000000000002, 'tp3_close_pct': 0.1, 'tp4_close_pct': 0.2, 'sl_after_tp2_r': 0.45, 'sl_after_tp3_r': 1.45, 'sl_after_tp4_r': 2.2}. Best is trial 24 with value: 1943365.0.

61 trials | 31 SURVIVED (0-breach)
           net   TDD%   DDD%    funded scal         score
OK   1,943,365   7.98   3.83 1,250,000   19     1,943,365
OK   1,834,096   9.16   3.74 1,250,000   19     1,821,028
OK   1,564,764    8.5   3.78 1,000,000   18     1,564,764
OK     998,446   8.15   4.65   700,000   16       998,446
OK      64,721   7.43    3.7   100,000    4        64,721
OK      63,701    8.3   3.77   100,000    4        63,701
OK      63,660   7.94   3.72   100,000    4        63,660
OK      40,004   7.66   3.66    80,000    3        40,004
OK      39,837   7.88   3.66    80,000    3        39,837
OK      39,817   7.67   3.66    80,000    3        39,817

stage tp: 121.4 min, best survived=True
locked -> /tmp/cont_opt_state.json:
  safety={'CFG_TDD_CAUTION_PCT': '5.5', 'CFG_RISK_CAUTIOUS': '0.45', 'CFG_TDD_WARNING_PCT': '7.5', 'CFG_RISK_CONSERVATIVE': '0.25', 'CFG_TDD_EMERGENCY_PCT': '8.5', 'CFG_RISK_ULTRASAFE': '0.25', 'TDD_WALL_SAFETY': '4.5', 'VOL_SIZE_ENABLE': '1', 'VOL_SIZE_MULT_LOW': '1.7000000000000002', 'VOL_SIZE_MULT_HIGH': '0.6000000000000001'}
  tp={'tp1_r_multiple': 0.9, 'tp2_r_multiple': 1.7000000000000002, 'tp3_r_multiple': 2.4000000000000004, 'tp4_r_multiple': 3.4000000000000004, 'tp5_r_multiple': 4.7, 'tp1_close_pct': 0.1, 'tp2_close_pct': 0.35, 'tp3_close_pct': 0.15000000000000002, 'tp4_close_pct': 0.1, 'tp5_close_pct': 0.3, 'sl_after_tp2_r': 0.7, 'sl_after_tp3_r': 1.6, 'sl_after_tp4_r': 2.0}
>>> STAGE tp COMPLETE Tue Jun  2 07:30:50 UTC 2026
>>> STAGE volrefine target=24 Tue Jun  2 07:30:50 UTC 2026
>>> [volrefine] attempt 1 Tue Jun  2 07:30:51 UTC 2026
[I 2026-06-02 07:30:51,811] A new study created in RDB with name: cont_volrefine
stage volrefine: 0 done, running 24 more to reach 24
[I 2026-06-02 07:33:42,011] Trial 0 finished with value: 21043.000000000015 and parameters: {'VOL_SIZE_MULT_LOW': 1.3, 'VOL_SIZE_MULT_HIGH': 0.9000000000000001}. Best is trial 0 with value: 21043.000000000015.
[I 2026-06-02 07:35:57,974] Trial 1 finished with value: -999910800.0 and parameters: {'VOL_SIZE_MULT_LOW': 2.0, 'VOL_SIZE_MULT_HIGH': 0.30000000000000004}. Best is trial 0 with value: 21043.000000000015.
=== PIPELINE START Tue Jun  2 10:28:39 UTC 2026 (JOBS=2) ===
>>> STAGE safety target=60 Tue Jun  2 10:28:39 UTC 2026
>>> STAGE safety COMPLETE Tue Jun  2 10:28:40 UTC 2026
>>> STAGE tp target=80 Tue Jun  2 10:28:40 UTC 2026
>>> STAGE tp COMPLETE Tue Jun  2 10:28:40 UTC 2026
>>> STAGE volrefine target=24 Tue Jun  2 10:28:40 UTC 2026
>>> [volrefine] attempt 1 Tue Jun  2 10:28:41 UTC 2026
[I 2026-06-02 10:28:42,115] Using an existing study with name 'cont_volrefine' instead of creating a new one.
stage volrefine: 2 done, running 22 more to reach 24
[I 2026-06-02 10:30:58,272] Trial 4 finished with value: -999988800.0 and parameters: {'VOL_SIZE_MULT_LOW': 1.3, 'VOL_SIZE_MULT_HIGH': 0.4}. Best is trial 0 with value: 21043.000000000015.
[I 2026-06-02 10:31:21,064] Trial 5 finished with value: -3752.0 and parameters: {'VOL_SIZE_MULT_LOW': 1.1, 'VOL_SIZE_MULT_HIGH': 0.5}. Best is trial 0 with value: 21043.000000000015.
[I 2026-06-02 10:32:22,334] Trial 6 finished with value: -999963700.0 and parameters: {'VOL_SIZE_MULT_LOW': 1.2, 'VOL_SIZE_MULT_HIGH': 0.5}. Best is trial 0 with value: 21043.000000000015.
[I 2026-06-02 10:34:34,192] Trial 8 finished with value: -999969500.0 and parameters: {'VOL_SIZE_MULT_LOW': 2.0, 'VOL_SIZE_MULT_HIGH': 1.0}. Best is trial 0 with value: 21043.000000000015.
[I 2026-06-02 10:36:43,400] Trial 9 finished with value: -999972200.0 and parameters: {'VOL_SIZE_MULT_LOW': 1.3, 'VOL_SIZE_MULT_HIGH': 0.7}. Best is trial 0 with value: 21043.000000000015.
[I 2026-06-02 10:46:00,499] Trial 7 finished with value: 1856783.0 and parameters: {'VOL_SIZE_MULT_LOW': 1.3, 'VOL_SIZE_MULT_HIGH': 0.6000000000000001}. Best is trial 7 with value: 1856783.0.
[I 2026-06-02 10:49:12,854] Trial 10 finished with value: 550933.0 and parameters: {'VOL_SIZE_MULT_LOW': 1.1, 'VOL_SIZE_MULT_HIGH': 0.2}. Best is trial 7 with value: 1856783.0.
[I 2026-06-02 10:50:03,901] Trial 11 finished with value: -999907700.0 and parameters: {'VOL_SIZE_MULT_LOW': 1.9, 'VOL_SIZE_MULT_HIGH': 0.5}. Best is trial 7 with value: 1856783.0.
[I 2026-06-02 10:50:47,012] Trial 12 finished with value: 23979.0 and parameters: {'VOL_SIZE_MULT_LOW': 1.6, 'VOL_SIZE_MULT_HIGH': 0.5}. Best is trial 7 with value: 1856783.0.
[I 2026-06-02 10:55:56,113] Trial 13 finished with value: -999809700.0 and parameters: {'VOL_SIZE_MULT_LOW': 1.6, 'VOL_SIZE_MULT_HIGH': 0.7}. Best is trial 7 with value: 1856783.0.
[I 2026-06-02 11:04:15,450] Trial 14 finished with value: 458303.0 and parameters: {'VOL_SIZE_MULT_LOW': 1.0, 'VOL_SIZE_MULT_HIGH': 0.2}. Best is trial 7 with value: 1856783.0.
[I 2026-06-02 11:05:48,404] Trial 16 finished with value: 9950.0 and parameters: {'VOL_SIZE_MULT_LOW': 1.5, 'VOL_SIZE_MULT_HIGH': 0.2}. Best is trial 7 with value: 1856783.0.
[I 2026-06-02 11:07:54,184] Trial 17 finished with value: -999944100.0 and parameters: {'VOL_SIZE_MULT_LOW': 1.0, 'VOL_SIZE_MULT_HIGH': 0.8}. Best is trial 7 with value: 1856783.0.
[I 2026-06-02 11:09:07,393] Trial 15 finished with value: 458303.0 and parameters: {'VOL_SIZE_MULT_LOW': 1.0, 'VOL_SIZE_MULT_HIGH': 0.2}. Best is trial 7 with value: 1856783.0.
[I 2026-06-02 11:09:23,357] Trial 18 finished with value: -999988800.0 and parameters: {'VOL_SIZE_MULT_LOW': 1.4, 'VOL_SIZE_MULT_HIGH': 0.30000000000000004}. Best is trial 7 with value: 1856783.0.
[I 2026-06-02 11:12:55,314] Trial 19 finished with value: -999918900.0 and parameters: {'VOL_SIZE_MULT_LOW': 1.4, 'VOL_SIZE_MULT_HIGH': 0.7}. Best is trial 7 with value: 1856783.0.
[I 2026-06-02 11:14:23,516] Trial 20 finished with value: 155423.0 and parameters: {'VOL_SIZE_MULT_LOW': 1.2, 'VOL_SIZE_MULT_HIGH': 0.7}. Best is trial 7 with value: 1856783.0.
[I 2026-06-02 11:14:55,890] Trial 21 finished with value: 9578.0 and parameters: {'VOL_SIZE_MULT_LOW': 1.2, 'VOL_SIZE_MULT_HIGH': 0.6000000000000001}. Best is trial 7 with value: 1856783.0.
[I 2026-06-02 11:16:17,948] Trial 23 finished with value: -999992500.0 and parameters: {'VOL_SIZE_MULT_LOW': 1.8, 'VOL_SIZE_MULT_HIGH': 1.0}. Best is trial 7 with value: 1856783.0.
[I 2026-06-02 11:18:08,662] Trial 24 finished with value: -999971400.0 and parameters: {'VOL_SIZE_MULT_LOW': 1.1, 'VOL_SIZE_MULT_HIGH': 0.30000000000000004}. Best is trial 7 with value: 1856783.0.
[I 2026-06-02 11:18:35,181] Trial 22 finished with value: -999918500.0 and parameters: {'VOL_SIZE_MULT_LOW': 1.7000000000000002, 'VOL_SIZE_MULT_HIGH': 1.0}. Best is trial 7 with value: 1856783.0.
[I 2026-06-02 11:31:33,874] Trial 25 finished with value: 458303.0 and parameters: {'VOL_SIZE_MULT_LOW': 1.0, 'VOL_SIZE_MULT_HIGH': 0.2}. Best is trial 7 with value: 1856783.0.

24 trials | 11 SURVIVED (0-breach)
           net   TDD%   DDD%    funded scal         score
OK   1,856,783   7.89   3.53 1,250,000   19     1,856,783
OK     550,933   7.82   3.97   400,000   12       550,933
OK     458,303   7.26   3.79   350,000   11       458,303
OK     458,303   7.26   3.79   350,000   11       458,303
OK     458,303   7.26   3.79   350,000   11       458,303
OK     165,866   9.09   3.71   175,000    7       155,423
OK      23,979   7.82   3.59    70,000    2        23,979
OK      62,815   9.68   3.82   100,000    4        21,043
OK       9,950   7.38   3.21    60,000    1         9,950
OK       9,578    8.2   3.57    60,000    1         9,578

stage volrefine: 62.9 min, best survived=True
locked -> /tmp/cont_opt_state.json:
  safety={'CFG_TDD_CAUTION_PCT': '5.5', 'CFG_RISK_CAUTIOUS': '0.45', 'CFG_TDD_WARNING_PCT': '7.5', 'CFG_RISK_CONSERVATIVE': '0.25', 'CFG_TDD_EMERGENCY_PCT': '8.5', 'CFG_RISK_ULTRASAFE': '0.25', 'TDD_WALL_SAFETY': '4.5', 'VOL_SIZE_ENABLE': '1', 'VOL_SIZE_MULT_LOW': '1.3', 'VOL_SIZE_MULT_HIGH': '0.6000000000000001'}
  tp={'tp1_r_multiple': 0.9, 'tp2_r_multiple': 1.7000000000000002, 'tp3_r_multiple': 2.4000000000000004, 'tp4_r_multiple': 3.4000000000000004, 'tp5_r_multiple': 4.7, 'tp1_close_pct': 0.1, 'tp2_close_pct': 0.35, 'tp3_close_pct': 0.15000000000000002, 'tp4_close_pct': 0.1, 'tp5_close_pct': 0.3, 'sl_after_tp2_r': 0.7, 'sl_after_tp3_r': 1.6, 'sl_after_tp4_r': 2.0}
>>> STAGE volrefine COMPLETE Tue Jun  2 11:31:37 UTC 2026
########## VALIDATE ##########
==============================================================================
VALIDATION — robustness of the locked winner
==============================================================================

[A] Continuous 2015-2024 (the optimized path):
    net $1,856,783 | SURVIVED | TDD 7.89% DDD 3.53% | funded $1,250,000 | 19 scalings

[B] Shifted-start continuous (overfit check):
    2016-01-01->2024-12-31: net $160,703 | BREACH 2017-07-18 10:15:00+00:00 | TDD 9.99%
    2017-01-01->2024-12-31: net $22,087 | BREACH 2017-11-13 08:15:00+00:00 | TDD 10.0%

[C] Cold-start each year (regime robustness):
    2015: net $34,145  TDD 7.89%  DDD 3.53%  OK
    2016: net $138,565  TDD 6.66%  DDD 3.44%  OK
    2017: net $22,087  TDD 10.0%  DDD 3.27%  FAIL
    2018: net $105,461  TDD 7.76%  DDD 3.63%  OK
    2019: net $182,483  TDD 4.66%  DDD 3.58%  OK
    2020: net $112,730  TDD 4.67%  DDD 3.5%  OK
    2021: net $72,389  TDD 4.22%  DDD 3.55%  OK
    2022: net $43,510  TDD 2.6%  DDD 5.52%  FAIL
    2023: net $128,522  TDD 7.6%  DDD 3.8%  OK
    2024: net $216,914  TDD 4.5%  DDD 4.0%  OK

  Cold-start breaches: [2017, 2022]
=== PIPELINE DONE Tue Jun  2 12:02:01 UTC 2026 ===
