=== PIPELINE START Mon Jun  1 19:49:00 UTC 2026 (JOBS=2) ===
>>> STAGE safety target=60 Mon Jun  1 19:49:00 UTC 2026
>>> [safety] attempt 1 Mon Jun  1 19:49:01 UTC 2026
[I 2026-06-01 19:49:01,660] A new study created in RDB with name: cont_safety
stage safety: 0 done, running 60 more to reach 60
[I 2026-06-01 19:56:14,429] Trial 0 finished with value: -999767700.0 and parameters: {'CFG_TDD_CAUTION_PCT': 4.5, 'CFG_TDD_WARNING_PCT': 6.5, 'CFG_TDD_EMERGENCY_PCT': 7.0, 'CFG_RISK_CAUTIOUS': 0.4, 'CFG_RISK_CONSERVATIVE': 0.4, 'CFG_RISK_ULTRASAFE': 0.25, 'TDD_WALL_SAFETY': 3.0, 'VOL_SIZE_MULT_LOW': 1.3, 'VOL_SIZE_MULT_HIGH': 0.3}. Best is trial 0 with value: -999767700.0.
[I 2026-06-01 20:03:01,900] Trial 1 finished with value: 24291.0 and parameters: {'CFG_TDD_CAUTION_PCT': 3.5, 'CFG_TDD_WARNING_PCT': 5.5, 'CFG_TDD_EMERGENCY_PCT': 6.5, 'CFG_RISK_CAUTIOUS': 0.3, 'CFG_RISK_CONSERVATIVE': 0.2, 'CFG_RISK_ULTRASAFE': 0.15, 'TDD_WALL_SAFETY': 4.0, 'VOL_SIZE_MULT_LOW': 1.2, 'VOL_SIZE_MULT_HIGH': 0.3}. Best is trial 1 with value: 24291.0.
/usr/local/lib/python3.11/dist-packages/optuna/distributions.py:671: UserWarning: The distribution is specified by [0.15, 0.35000000000000003] and step=0.05, but the range is not divisible by `step`. It will be replaced with [0.15, 0.35].
  optuna_warn(
/usr/local/lib/python3.11/dist-packages/optuna/distributions.py:671: UserWarning: The distribution is specified by [0.1, 0.30000000000000004] and step=0.05, but the range is not divisible by `step`. It will be replaced with [0.1, 0.3].
  optuna_warn(
[I 2026-06-01 20:04:01,217] Trial 2 finished with value: -999753800.0 and parameters: {'CFG_TDD_CAUTION_PCT': 4.0, 'CFG_TDD_WARNING_PCT': 6.0, 'CFG_TDD_EMERGENCY_PCT': 7.0, 'CFG_RISK_CAUTIOUS': 0.4, 'CFG_RISK_CONSERVATIVE': 0.3, 'CFG_RISK_ULTRASAFE': 0.2, 'TDD_WALL_SAFETY': 3.5, 'VOL_SIZE_MULT_LOW': 1.3, 'VOL_SIZE_MULT_HIGH': 0.2}. Best is trial 1 with value: 24291.0.
[I 2026-06-01 20:07:53,497] Trial 4 finished with value: 166335.0 and parameters: {'CFG_TDD_CAUTION_PCT': 6.0, 'CFG_TDD_WARNING_PCT': 6.5, 'CFG_TDD_EMERGENCY_PCT': 7.5, 'CFG_RISK_CAUTIOUS': 0.8, 'CFG_RISK_CONSERVATIVE': 0.2, 'CFG_RISK_ULTRASAFE': 0.2, 'TDD_WALL_SAFETY': 5.0, 'VOL_SIZE_MULT_LOW': 1.5, 'VOL_SIZE_MULT_HIGH': 0.2}. Best is trial 4 with value: 166335.0.
[I 2026-06-01 20:08:45,435] Trial 3 finished with value: 8986.0 and parameters: {'CFG_TDD_CAUTION_PCT': 5.5, 'CFG_TDD_WARNING_PCT': 8.0, 'CFG_TDD_EMERGENCY_PCT': 8.5, 'CFG_RISK_CAUTIOUS': 0.35000000000000003, 'CFG_RISK_CONSERVATIVE': 0.30000000000000004, 'CFG_RISK_ULTRASAFE': 0.2, 'TDD_WALL_SAFETY': 5.0, 'VOL_SIZE_MULT_LOW': 1.1, 'VOL_SIZE_MULT_HIGH': 0.2}. Best is trial 4 with value: 166335.0.
[I 2026-06-01 20:09:41,406] Trial 5 finished with value: -999975000.0 and parameters: {'CFG_TDD_CAUTION_PCT': 3.5, 'CFG_TDD_WARNING_PCT': 6.0, 'CFG_TDD_EMERGENCY_PCT': 7.0, 'CFG_RISK_CAUTIOUS': 0.8, 'CFG_RISK_CONSERVATIVE': 0.55, 'CFG_RISK_ULTRASAFE': 0.25, 'TDD_WALL_SAFETY': 5.0, 'VOL_SIZE_MULT_LOW': 1.6, 'VOL_SIZE_MULT_HIGH': 1.0}. Best is trial 4 with value: 166335.0.
[I 2026-06-01 20:12:55,185] Trial 7 finished with value: -999911200.0 and parameters: {'CFG_TDD_CAUTION_PCT': 6.0, 'CFG_TDD_WARNING_PCT': 7.5, 'CFG_TDD_EMERGENCY_PCT': 8.0, 'CFG_RISK_CAUTIOUS': 0.75, 'CFG_RISK_CONSERVATIVE': 0.4, 'CFG_RISK_ULTRASAFE': 0.2, 'TDD_WALL_SAFETY': 4.5, 'VOL_SIZE_MULT_LOW': 1.8, 'VOL_SIZE_MULT_HIGH': 0.30000000000000004}. Best is trial 4 with value: 166335.0.
[I 2026-06-01 20:14:45,068] Trial 8 finished with value: -999975500.0 and parameters: {'CFG_TDD_CAUTION_PCT': 6.0, 'CFG_TDD_WARNING_PCT': 6.5, 'CFG_TDD_EMERGENCY_PCT': 7.5, 'CFG_RISK_CAUTIOUS': 0.65, 'CFG_RISK_CONSERVATIVE': 0.6, 'CFG_RISK_ULTRASAFE': 0.15000000000000002, 'TDD_WALL_SAFETY': 2.0, 'VOL_SIZE_MULT_LOW': 1.6, 'VOL_SIZE_MULT_HIGH': 0.8}. Best is trial 4 with value: 166335.0.
[I 2026-06-01 20:17:15,192] Trial 6 finished with value: -999677300.0 and parameters: {'CFG_TDD_CAUTION_PCT': 5.0, 'CFG_TDD_WARNING_PCT': 7.0, 'CFG_TDD_EMERGENCY_PCT': 8.0, 'CFG_RISK_CAUTIOUS': 0.65, 'CFG_RISK_CONSERVATIVE': 0.15, 'CFG_RISK_ULTRASAFE': 0.1, 'TDD_WALL_SAFETY': 3.5, 'VOL_SIZE_MULT_LOW': 1.3, 'VOL_SIZE_MULT_HIGH': 0.5}. Best is trial 4 with value: 166335.0.
[I 2026-06-01 20:17:58,162] Trial 9 finished with value: -999911200.0 and parameters: {'CFG_TDD_CAUTION_PCT': 5.5, 'CFG_TDD_WARNING_PCT': 6.0, 'CFG_TDD_EMERGENCY_PCT': 9.0, 'CFG_RISK_CAUTIOUS': 0.75, 'CFG_RISK_CONSERVATIVE': 0.45000000000000007, 'CFG_RISK_ULTRASAFE': 0.2, 'TDD_WALL_SAFETY': 5.0, 'VOL_SIZE_MULT_LOW': 1.9, 'VOL_SIZE_MULT_HIGH': 0.30000000000000004}. Best is trial 4 with value: 166335.0.
[I 2026-06-01 20:20:36,608] Trial 10 finished with value: -999911200.0 and parameters: {'CFG_TDD_CAUTION_PCT': 4.5, 'CFG_TDD_WARNING_PCT': 6.0, 'CFG_TDD_EMERGENCY_PCT': 8.5, 'CFG_RISK_CAUTIOUS': 0.7, 'CFG_RISK_CONSERVATIVE': 0.45000000000000007, 'CFG_RISK_ULTRASAFE': 0.25, 'TDD_WALL_SAFETY': 2.0, 'VOL_SIZE_MULT_LOW': 1.6, 'VOL_SIZE_MULT_HIGH': 0.6000000000000001}. Best is trial 4 with value: 166335.0.
[I 2026-06-01 20:29:20,981] Trial 11 finished with value: 754427.0 and parameters: {'CFG_TDD_CAUTION_PCT': 3.0, 'CFG_TDD_WARNING_PCT': 4.0, 'CFG_TDD_EMERGENCY_PCT': 5.0, 'CFG_RISK_CAUTIOUS': 0.2, 'CFG_RISK_CONSERVATIVE': 0.15, 'CFG_RISK_ULTRASAFE': 0.1, 'TDD_WALL_SAFETY': 2.5, 'VOL_SIZE_MULT_LOW': 1.0, 'VOL_SIZE_MULT_HIGH': 0.6000000000000001}. Best is trial 11 with value: 754427.0.
[I 2026-06-01 20:31:02,601] Trial 12 finished with value: 132420.0 and parameters: {'CFG_TDD_CAUTION_PCT': 3.0, 'CFG_TDD_WARNING_PCT': 4.0, 'CFG_TDD_EMERGENCY_PCT': 5.0, 'CFG_RISK_CAUTIOUS': 0.2, 'CFG_RISK_CONSERVATIVE': 0.15, 'CFG_RISK_ULTRASAFE': 0.1, 'TDD_WALL_SAFETY': 4.0, 'VOL_SIZE_MULT_LOW': 1.1, 'VOL_SIZE_MULT_HIGH': 0.5}. Best is trial 11 with value: 754427.0.
[I 2026-06-01 20:37:37,696] Trial 13 finished with value: 12457.000000000025 and parameters: {'CFG_TDD_CAUTION_PCT': 3.0, 'CFG_TDD_WARNING_PCT': 4.0, 'CFG_TDD_EMERGENCY_PCT': 5.0, 'CFG_RISK_CAUTIOUS': 0.2, 'CFG_RISK_CONSERVATIVE': 0.15, 'CFG_RISK_ULTRASAFE': 0.1, 'TDD_WALL_SAFETY': 2.5, 'VOL_SIZE_MULT_LOW': 1.0, 'VOL_SIZE_MULT_HIGH': 0.5}. Best is trial 11 with value: 754427.0.
[I 2026-06-01 20:39:22,948] Trial 15 finished with value: -999981300.0 and parameters: {'CFG_TDD_CAUTION_PCT': 4.5, 'CFG_TDD_WARNING_PCT': 5.5, 'CFG_TDD_EMERGENCY_PCT': 6.5, 'CFG_RISK_CAUTIOUS': 0.55, 'CFG_RISK_CONSERVATIVE': 0.25, 'CFG_RISK_ULTRASAFE': 0.15000000000000002, 'TDD_WALL_SAFETY': 3.0, 'VOL_SIZE_MULT_LOW': 2.0, 'VOL_SIZE_MULT_HIGH': 0.8}. Best is trial 11 with value: 754427.0.
[I 2026-06-01 20:39:57,662] Trial 14 finished with value: 140579.0 and parameters: {'CFG_TDD_CAUTION_PCT': 3.0, 'CFG_TDD_WARNING_PCT': 3.5, 'CFG_TDD_EMERGENCY_PCT': 4.0, 'CFG_RISK_CAUTIOUS': 0.55, 'CFG_RISK_CONSERVATIVE': 0.25, 'CFG_RISK_ULTRASAFE': 0.15000000000000002, 'TDD_WALL_SAFETY': 2.5, 'VOL_SIZE_MULT_LOW': 1.0, 'VOL_SIZE_MULT_HIGH': 0.8}. Best is trial 11 with value: 754427.0.
[I 2026-06-01 20:41:26,328] Trial 16 finished with value: -999972000.0 and parameters: {'CFG_TDD_CAUTION_PCT': 5.0, 'CFG_TDD_WARNING_PCT': 8.0, 'CFG_TDD_EMERGENCY_PCT': 9.0, 'CFG_RISK_CAUTIOUS': 0.5, 'CFG_RISK_CONSERVATIVE': 0.2, 'CFG_RISK_ULTRASAFE': 0.15000000000000002, 'TDD_WALL_SAFETY': 2.5, 'VOL_SIZE_MULT_LOW': 1.4, 'VOL_SIZE_MULT_HIGH': 0.8}. Best is trial 11 with value: 754427.0.
/usr/local/lib/python3.11/dist-packages/optuna/distributions.py:671: UserWarning: The distribution is specified by [0.15, 0.30000000000000004] and step=0.05, but the range is not divisible by `step`. It will be replaced with [0.15, 0.3].
  optuna_warn(
[I 2026-06-01 20:42:14,544] Trial 17 finished with value: 26189.0 and parameters: {'CFG_TDD_CAUTION_PCT': 5.0, 'CFG_TDD_WARNING_PCT': 8.0, 'CFG_TDD_EMERGENCY_PCT': 9.0, 'CFG_RISK_CAUTIOUS': 0.5, 'CFG_RISK_CONSERVATIVE': 0.2, 'CFG_RISK_ULTRASAFE': 0.1, 'TDD_WALL_SAFETY': 3.0, 'VOL_SIZE_MULT_LOW': 1.4, 'VOL_SIZE_MULT_HIGH': 0.7}. Best is trial 11 with value: 754427.0.
[I 2026-06-01 20:43:23,206] Trial 18 finished with value: -999975800.0 and parameters: {'CFG_TDD_CAUTION_PCT': 4.0, 'CFG_TDD_WARNING_PCT': 5.0, 'CFG_TDD_EMERGENCY_PCT': 6.0, 'CFG_RISK_CAUTIOUS': 0.30000000000000004, 'CFG_RISK_CONSERVATIVE': 0.2, 'CFG_RISK_ULTRASAFE': 0.1, 'TDD_WALL_SAFETY': 4.0, 'VOL_SIZE_MULT_LOW': 1.8, 'VOL_SIZE_MULT_HIGH': 1.0}. Best is trial 11 with value: 754427.0.
[I 2026-06-01 20:44:06,397] Trial 19 finished with value: -999975800.0 and parameters: {'CFG_TDD_CAUTION_PCT': 4.0, 'CFG_TDD_WARNING_PCT': 5.0, 'CFG_TDD_EMERGENCY_PCT': 6.0, 'CFG_RISK_CAUTIOUS': 0.30000000000000004, 'CFG_RISK_CONSERVATIVE': 0.15, 'CFG_RISK_ULTRASAFE': 0.1, 'TDD_WALL_SAFETY': 4.0, 'VOL_SIZE_MULT_LOW': 1.8, 'VOL_SIZE_MULT_HIGH': 1.0}. Best is trial 11 with value: 754427.0.
[I 2026-06-01 20:58:09,955] Trial 20 finished with value: 938792.0 and parameters: {'CFG_TDD_CAUTION_PCT': 4.0, 'CFG_TDD_WARNING_PCT': 7.0, 'CFG_TDD_EMERGENCY_PCT': 8.5, 'CFG_RISK_CAUTIOUS': 0.6000000000000001, 'CFG_RISK_CONSERVATIVE': 0.30000000000000004, 'CFG_RISK_ULTRASAFE': 0.3, 'TDD_WALL_SAFETY': 4.5, 'VOL_SIZE_MULT_LOW': 1.5, 'VOL_SIZE_MULT_HIGH': 0.4}. Best is trial 20 with value: 938792.0.
[I 2026-06-01 20:59:58,188] Trial 21 finished with value: 849095.0 and parameters: {'CFG_TDD_CAUTION_PCT': 5.5, 'CFG_TDD_WARNING_PCT': 7.5, 'CFG_TDD_EMERGENCY_PCT': 8.5, 'CFG_RISK_CAUTIOUS': 0.6000000000000001, 'CFG_RISK_CONSERVATIVE': 0.30000000000000004, 'CFG_RISK_ULTRASAFE': 0.3, 'TDD_WALL_SAFETY': 4.5, 'VOL_SIZE_MULT_LOW': 1.5, 'VOL_SIZE_MULT_HIGH': 0.4}. Best is trial 20 with value: 938792.0.
[I 2026-06-01 21:05:51,568] Trial 22 finished with value: -999718000.0 and parameters: {'CFG_TDD_CAUTION_PCT': 3.5, 'CFG_TDD_WARNING_PCT': 7.0, 'CFG_TDD_EMERGENCY_PCT': 8.5, 'CFG_RISK_CAUTIOUS': 0.6000000000000001, 'CFG_RISK_CONSERVATIVE': 0.30000000000000004, 'CFG_RISK_ULTRASAFE': 0.3, 'TDD_WALL_SAFETY': 4.5, 'VOL_SIZE_MULT_LOW': 1.5, 'VOL_SIZE_MULT_HIGH': 0.4}. Best is trial 20 with value: 938792.0.
[I 2026-06-01 21:07:49,634] Trial 23 finished with value: -999718000.0 and parameters: {'CFG_TDD_CAUTION_PCT': 3.5, 'CFG_TDD_WARNING_PCT': 7.5, 'CFG_TDD_EMERGENCY_PCT': 8.5, 'CFG_RISK_CAUTIOUS': 0.6000000000000001, 'CFG_RISK_CONSERVATIVE': 0.35, 'CFG_RISK_ULTRASAFE': 0.35, 'TDD_WALL_SAFETY': 4.5, 'VOL_SIZE_MULT_LOW': 1.5, 'VOL_SIZE_MULT_HIGH': 0.4}. Best is trial 20 with value: 938792.0.
[I 2026-06-01 21:08:59,881] Trial 24 finished with value: -999911200.0 and parameters: {'CFG_TDD_CAUTION_PCT': 5.5, 'CFG_TDD_WARNING_PCT': 7.5, 'CFG_TDD_EMERGENCY_PCT': 8.5, 'CFG_RISK_CAUTIOUS': 0.6000000000000001, 'CFG_RISK_CONSERVATIVE': 0.35, 'CFG_RISK_ULTRASAFE': 0.35, 'TDD_WALL_SAFETY': 4.5, 'VOL_SIZE_MULT_LOW': 1.7000000000000002, 'VOL_SIZE_MULT_HIGH': 0.6000000000000001}. Best is trial 20 with value: 938792.0.
[I 2026-06-01 21:23:38,394] Trial 25 finished with value: 1821028.0 and parameters: {'CFG_TDD_CAUTION_PCT': 5.5, 'CFG_TDD_WARNING_PCT': 7.5, 'CFG_TDD_EMERGENCY_PCT': 8.5, 'CFG_RISK_CAUTIOUS': 0.45, 'CFG_RISK_CONSERVATIVE': 0.25, 'CFG_RISK_ULTRASAFE': 0.25, 'TDD_WALL_SAFETY': 4.5, 'VOL_SIZE_MULT_LOW': 1.7000000000000002, 'VOL_SIZE_MULT_HIGH': 0.6000000000000001}. Best is trial 25 with value: 1821028.0.
[I 2026-06-01 21:24:06,419] Trial 26 finished with value: 903110.0 and parameters: {'CFG_TDD_CAUTION_PCT': 4.0, 'CFG_TDD_WARNING_PCT': 7.0, 'CFG_TDD_EMERGENCY_PCT': 8.0, 'CFG_RISK_CAUTIOUS': 0.55, 'CFG_RISK_CONSERVATIVE': 0.25, 'CFG_RISK_ULTRASAFE': 0.25, 'TDD_WALL_SAFETY': 3.5, 'VOL_SIZE_MULT_LOW': 1.4, 'VOL_SIZE_MULT_HIGH': 0.4}. Best is trial 25 with value: 1821028.0.
[I 2026-06-01 21:25:40,596] Trial 27 finished with value: -999963700.0 and parameters: {'CFG_TDD_CAUTION_PCT': 5.5, 'CFG_TDD_WARNING_PCT': 7.0, 'CFG_TDD_EMERGENCY_PCT': 8.5, 'CFG_RISK_CAUTIOUS': 0.45, 'CFG_RISK_CONSERVATIVE': 0.25, 'CFG_RISK_ULTRASAFE': 0.25, 'TDD_WALL_SAFETY': 4.5, 'VOL_SIZE_MULT_LOW': 1.7000000000000002, 'VOL_SIZE_MULT_HIGH': 0.4}. Best is trial 25 with value: 1821028.0.
[I 2026-06-01 21:30:19,042] Trial 29 finished with value: -999863200.0 and parameters: {'CFG_TDD_CAUTION_PCT': 4.0, 'CFG_TDD_WARNING_PCT': 7.0, 'CFG_TDD_EMERGENCY_PCT': 8.0, 'CFG_RISK_CAUTIOUS': 0.5, 'CFG_RISK_CONSERVATIVE': 0.25, 'CFG_RISK_ULTRASAFE': 0.25, 'TDD_WALL_SAFETY': 3.5, 'VOL_SIZE_MULT_LOW': 1.4, 'VOL_SIZE_MULT_HIGH': 0.7}. Best is trial 25 with value: 1821028.0.
[I 2026-06-01 21:32:34,978] Trial 28 finished with value: -999738200.0 and parameters: {'CFG_TDD_CAUTION_PCT': 4.0, 'CFG_TDD_WARNING_PCT': 7.0, 'CFG_TDD_EMERGENCY_PCT': 8.0, 'CFG_RISK_CAUTIOUS': 0.45, 'CFG_RISK_CONSERVATIVE': 0.25, 'CFG_RISK_ULTRASAFE': 0.25, 'TDD_WALL_SAFETY': 3.5, 'VOL_SIZE_MULT_LOW': 1.7000000000000002, 'VOL_SIZE_MULT_HIGH': 0.7}. Best is trial 25 with value: 1821028.0.
[I 2026-06-01 21:34:16,554] Trial 31 finished with value: -999853800.0 and parameters: {'CFG_TDD_CAUTION_PCT': 4.5, 'CFG_TDD_WARNING_PCT': 6.5, 'CFG_TDD_EMERGENCY_PCT': 8.0, 'CFG_RISK_CAUTIOUS': 0.4, 'CFG_RISK_CONSERVATIVE': 0.35, 'CFG_RISK_ULTRASAFE': 0.30000000000000004, 'TDD_WALL_SAFETY': 3.0, 'VOL_SIZE_MULT_LOW': 1.2, 'VOL_SIZE_MULT_HIGH': 0.5}. Best is trial 25 with value: 1821028.0.
[I 2026-06-01 21:44:38,801] Trial 30 finished with value: 1263762.0 and parameters: {'CFG_TDD_CAUTION_PCT': 4.5, 'CFG_TDD_WARNING_PCT': 6.5, 'CFG_TDD_EMERGENCY_PCT': 8.0, 'CFG_RISK_CAUTIOUS': 0.4, 'CFG_RISK_CONSERVATIVE': 0.25, 'CFG_RISK_ULTRASAFE': 0.25, 'TDD_WALL_SAFETY': 3.0, 'VOL_SIZE_MULT_LOW': 1.7000000000000002, 'VOL_SIZE_MULT_HIGH': 0.5}. Best is trial 25 with value: 1821028.0.
[I 2026-06-01 21:47:32,221] Trial 32 finished with value: 637938.0 and parameters: {'CFG_TDD_CAUTION_PCT': 4.5, 'CFG_TDD_WARNING_PCT': 7.5, 'CFG_TDD_EMERGENCY_PCT': 8.5, 'CFG_RISK_CAUTIOUS': 0.55, 'CFG_RISK_CONSERVATIVE': 0.30000000000000004, 'CFG_RISK_ULTRASAFE': 0.3, 'TDD_WALL_SAFETY': 4.0, 'VOL_SIZE_MULT_LOW': 1.5, 'VOL_SIZE_MULT_HIGH': 0.4}. Best is trial 25 with value: 1821028.0.
[I 2026-06-01 21:48:17,350] Trial 33 finished with value: -999911200.0 and parameters: {'CFG_TDD_CAUTION_PCT': 4.5, 'CFG_TDD_WARNING_PCT': 6.5, 'CFG_TDD_EMERGENCY_PCT': 8.0, 'CFG_RISK_CAUTIOUS': 0.45, 'CFG_RISK_CONSERVATIVE': 0.30000000000000004, 'CFG_RISK_ULTRASAFE': 0.3, 'TDD_WALL_SAFETY': 3.0, 'VOL_SIZE_MULT_LOW': 1.6, 'VOL_SIZE_MULT_HIGH': 0.6000000000000001}. Best is trial 25 with value: 1821028.0.
[I 2026-06-01 21:50:00,162] Trial 35 finished with value: -13924.999999999978 and parameters: {'CFG_TDD_CAUTION_PCT': 5.0, 'CFG_TDD_WARNING_PCT': 7.0, 'CFG_TDD_EMERGENCY_PCT': 8.0, 'CFG_RISK_CAUTIOUS': 0.35000000000000003, 'CFG_RISK_CONSERVATIVE': 0.25, 'CFG_RISK_ULTRASAFE': 0.2, 'TDD_WALL_SAFETY': 3.5, 'VOL_SIZE_MULT_LOW': 1.9, 'VOL_SIZE_MULT_HIGH': 0.5}. Best is trial 25 with value: 1821028.0.
[I 2026-06-01 21:51:03,642] Trial 34 finished with value: -999911200.0 and parameters: {'CFG_TDD_CAUTION_PCT': 4.5, 'CFG_TDD_WARNING_PCT': 6.5, 'CFG_TDD_EMERGENCY_PCT': 8.0, 'CFG_RISK_CAUTIOUS': 0.45, 'CFG_RISK_CONSERVATIVE': 0.25, 'CFG_RISK_ULTRASAFE': 0.2, 'TDD_WALL_SAFETY': 3.5, 'VOL_SIZE_MULT_LOW': 1.6, 'VOL_SIZE_MULT_HIGH': 0.6000000000000001}. Best is trial 25 with value: 1821028.0.
[I 2026-06-01 21:54:15,715] Trial 36 finished with value: -999907800.0 and parameters: {'CFG_TDD_CAUTION_PCT': 4.0, 'CFG_TDD_WARNING_PCT': 6.5, 'CFG_TDD_EMERGENCY_PCT': 7.5, 'CFG_RISK_CAUTIOUS': 0.4, 'CFG_RISK_CONSERVATIVE': 0.25, 'CFG_RISK_ULTRASAFE': 0.2, 'TDD_WALL_SAFETY': 4.0, 'VOL_SIZE_MULT_LOW': 1.4, 'VOL_SIZE_MULT_HIGH': 0.30000000000000004}. Best is trial 25 with value: 1821028.0.
[I 2026-06-01 21:54:53,080] Trial 37 finished with value: -999907800.0 and parameters: {'CFG_TDD_CAUTION_PCT': 4.0, 'CFG_TDD_WARNING_PCT': 8.0, 'CFG_TDD_EMERGENCY_PCT': 9.0, 'CFG_RISK_CAUTIOUS': 0.4, 'CFG_RISK_CONSERVATIVE': 0.2, 'CFG_RISK_ULTRASAFE': 0.2, 'TDD_WALL_SAFETY': 4.0, 'VOL_SIZE_MULT_LOW': 1.4, 'VOL_SIZE_MULT_HIGH': 0.30000000000000004}. Best is trial 25 with value: 1821028.0.
[I 2026-06-01 22:06:27,354] Trial 39 finished with value: 536336.0 and parameters: {'CFG_TDD_CAUTION_PCT': 3.5, 'CFG_TDD_WARNING_PCT': 7.5, 'CFG_TDD_EMERGENCY_PCT': 8.5, 'CFG_RISK_CAUTIOUS': 0.35000000000000003, 'CFG_RISK_CONSERVATIVE': 0.25, 'CFG_RISK_ULTRASAFE': 0.25, 'TDD_WALL_SAFETY': 5.0, 'VOL_SIZE_MULT_LOW': 1.2, 'VOL_SIZE_MULT_HIGH': 0.2}. Best is trial 25 with value: 1821028.0.
[I 2026-06-01 22:10:32,066] Trial 38 finished with value: 1073042.0 and parameters: {'CFG_TDD_CAUTION_PCT': 4.0, 'CFG_TDD_WARNING_PCT': 7.5, 'CFG_TDD_EMERGENCY_PCT': 9.0, 'CFG_RISK_CAUTIOUS': 0.35000000000000003, 'CFG_RISK_CONSERVATIVE': 0.2, 'CFG_RISK_ULTRASAFE': 0.2, 'TDD_WALL_SAFETY': 3.0, 'VOL_SIZE_MULT_LOW': 1.7000000000000002, 'VOL_SIZE_MULT_HIGH': 0.2}. Best is trial 25 with value: 1821028.0.
=== PIPELINE START Tue Jun  2 03:38:05 UTC 2026 (JOBS=2) ===
>>> STAGE safety target=60 Tue Jun  2 03:38:05 UTC 2026
>>> [safety] attempt 1 Tue Jun  2 03:38:06 UTC 2026
[I 2026-06-02 03:38:07,102] Using an existing study with name 'cont_safety' instead of creating a new one.
stage safety: 40 done, running 20 more to reach 60
[I 2026-06-02 03:49:00,224] Trial 42 finished with value: 578352.0 and parameters: {'CFG_TDD_CAUTION_PCT': 5.0, 'CFG_TDD_WARNING_PCT': 7.5, 'CFG_TDD_EMERGENCY_PCT': 9.0, 'CFG_RISK_CAUTIOUS': 0.25, 'CFG_RISK_CONSERVATIVE': 0.2, 'CFG_RISK_ULTRASAFE': 0.15000000000000002, 'TDD_WALL_SAFETY': 3.0, 'VOL_SIZE_MULT_LOW': 1.7000000000000002, 'VOL_SIZE_MULT_HIGH': 0.2}. Best is trial 25 with value: 1821028.0.
/usr/local/lib/python3.11/dist-packages/optuna/distributions.py:671: UserWarning: The distribution is specified by [0.15, 0.35000000000000003] and step=0.05, but the range is not divisible by `step`. It will be replaced with [0.15, 0.35].
  optuna_warn(
[I 2026-06-02 03:49:08,775] Trial 43 finished with value: 578352.0 and parameters: {'CFG_TDD_CAUTION_PCT': 5.0, 'CFG_TDD_WARNING_PCT': 7.5, 'CFG_TDD_EMERGENCY_PCT': 9.0, 'CFG_RISK_CAUTIOUS': 0.25, 'CFG_RISK_CONSERVATIVE': 0.2, 'CFG_RISK_ULTRASAFE': 0.15000000000000002, 'TDD_WALL_SAFETY': 3.0, 'VOL_SIZE_MULT_LOW': 1.7000000000000002, 'VOL_SIZE_MULT_HIGH': 0.2}. Best is trial 25 with value: 1821028.0.
[I 2026-06-02 03:53:05,712] Trial 45 finished with value: 9354.0 and parameters: {'CFG_TDD_CAUTION_PCT': 4.0, 'CFG_TDD_WARNING_PCT': 7.0, 'CFG_TDD_EMERGENCY_PCT': 8.5, 'CFG_RISK_CAUTIOUS': 0.35000000000000003, 'CFG_RISK_CONSERVATIVE': 0.25, 'CFG_RISK_ULTRASAFE': 0.25, 'TDD_WALL_SAFETY': 2.5, 'VOL_SIZE_MULT_LOW': 1.3, 'VOL_SIZE_MULT_HIGH': 0.4}. Best is trial 25 with value: 1821028.0.
/usr/local/lib/python3.11/dist-packages/optuna/distributions.py:671: UserWarning: The distribution is specified by [0.1, 0.30000000000000004] and step=0.05, but the range is not divisible by `step`. It will be replaced with [0.1, 0.3].
  optuna_warn(
[I 2026-06-02 03:55:57,148] Trial 46 finished with value: -999966500.0 and parameters: {'CFG_TDD_CAUTION_PCT': 3.5, 'CFG_TDD_WARNING_PCT': 7.0, 'CFG_TDD_EMERGENCY_PCT': 8.0, 'CFG_RISK_CAUTIOUS': 0.4, 'CFG_RISK_CONSERVATIVE': 0.30000000000000004, 'CFG_RISK_ULTRASAFE': 0.25, 'TDD_WALL_SAFETY': 3.0, 'VOL_SIZE_MULT_LOW': 1.9, 'VOL_SIZE_MULT_HIGH': 0.5}. Best is trial 25 with value: 1821028.0.
[I 2026-06-02 04:06:42,743] Trial 44 finished with value: 687610.0 and parameters: {'CFG_TDD_CAUTION_PCT': 4.0, 'CFG_TDD_WARNING_PCT': 7.0, 'CFG_TDD_EMERGENCY_PCT': 9.0, 'CFG_RISK_CAUTIOUS': 0.35000000000000003, 'CFG_RISK_CONSERVATIVE': 0.25, 'CFG_RISK_ULTRASAFE': 0.25, 'TDD_WALL_SAFETY': 3.0, 'VOL_SIZE_MULT_LOW': 1.3, 'VOL_SIZE_MULT_HIGH': 0.5}. Best is trial 25 with value: 1821028.0.
[I 2026-06-02 04:09:12,451] Trial 48 finished with value: -999957400.0 and parameters: {'CFG_TDD_CAUTION_PCT': 4.5, 'CFG_TDD_WARNING_PCT': 6.5, 'CFG_TDD_EMERGENCY_PCT': 7.5, 'CFG_RISK_CAUTIOUS': 0.65, 'CFG_RISK_CONSERVATIVE': 0.4, 'CFG_RISK_ULTRASAFE': 0.30000000000000004, 'TDD_WALL_SAFETY': 3.5, 'VOL_SIZE_MULT_LOW': 1.8, 'VOL_SIZE_MULT_HIGH': 0.30000000000000004}. Best is trial 25 with value: 1821028.0.
[I 2026-06-02 04:13:35,033] Trial 49 finished with value: -999927200.0 and parameters: {'CFG_TDD_CAUTION_PCT': 4.5, 'CFG_TDD_WARNING_PCT': 6.0, 'CFG_TDD_EMERGENCY_PCT': 7.5, 'CFG_RISK_CAUTIOUS': 0.55, 'CFG_RISK_CONSERVATIVE': 0.4, 'CFG_RISK_ULTRASAFE': 0.4, 'TDD_WALL_SAFETY': 5.0, 'VOL_SIZE_MULT_LOW': 1.6, 'VOL_SIZE_MULT_HIGH': 0.6000000000000001}. Best is trial 25 with value: 1821028.0.
[I 2026-06-02 04:14:12,951] Trial 47 finished with value: 1103894.0 and parameters: {'CFG_TDD_CAUTION_PCT': 4.5, 'CFG_TDD_WARNING_PCT': 7.0, 'CFG_TDD_EMERGENCY_PCT': 8.5, 'CFG_RISK_CAUTIOUS': 0.65, 'CFG_RISK_CONSERVATIVE': 0.4, 'CFG_RISK_ULTRASAFE': 0.30000000000000004, 'TDD_WALL_SAFETY': 5.0, 'VOL_SIZE_MULT_LOW': 1.6, 'VOL_SIZE_MULT_HIGH': 0.30000000000000004}. Best is trial 25 with value: 1821028.0.
[I 2026-06-02 04:18:42,265] Trial 50 finished with value: -999910700.0 and parameters: {'CFG_TDD_CAUTION_PCT': 6.0, 'CFG_TDD_WARNING_PCT': 7.5, 'CFG_TDD_EMERGENCY_PCT': 8.5, 'CFG_RISK_CAUTIOUS': 0.65, 'CFG_RISK_CONSERVATIVE': 0.35, 'CFG_RISK_ULTRASAFE': 0.25, 'TDD_WALL_SAFETY': 2.5, 'VOL_SIZE_MULT_LOW': 1.8, 'VOL_SIZE_MULT_HIGH': 0.7}. Best is trial 25 with value: 1821028.0.
[I 2026-06-02 04:19:04,073] Trial 51 finished with value: 166690.0 and parameters: {'CFG_TDD_CAUTION_PCT': 6.0, 'CFG_TDD_WARNING_PCT': 7.5, 'CFG_TDD_EMERGENCY_PCT': 8.5, 'CFG_RISK_CAUTIOUS': 0.7, 'CFG_RISK_CONSERVATIVE': 0.5, 'CFG_RISK_ULTRASAFE': 0.35, 'TDD_WALL_SAFETY': 5.0, 'VOL_SIZE_MULT_LOW': 1.6, 'VOL_SIZE_MULT_HIGH': 0.2}. Best is trial 25 with value: 1821028.0.
[I 2026-06-02 04:21:22,788] Trial 53 finished with value: -999957300.0 and parameters: {'CFG_TDD_CAUTION_PCT': 5.0, 'CFG_TDD_WARNING_PCT': 8.0, 'CFG_TDD_EMERGENCY_PCT': 9.0, 'CFG_RISK_CAUTIOUS': 0.75, 'CFG_RISK_CONSERVATIVE': 0.45000000000000007, 'CFG_RISK_ULTRASAFE': 0.35, 'TDD_WALL_SAFETY': 5.0, 'VOL_SIZE_MULT_LOW': 1.7000000000000002, 'VOL_SIZE_MULT_HIGH': 0.30000000000000004}. Best is trial 25 with value: 1821028.0.
