[I 2026-06-02 06:39:36,513] Trial 49 pruned. 
/usr/local/lib/python3.11/dist-packages/optuna/distributions.py:671: UserWarning: The distribution is specified by [3.0999999999999996, 6.0] and step=0.1, but the range is not divisible by `step`. It will be replaced with [3.0999999999999996, 6.0].
  optuna_warn(
/usr/local/lib/python3.11/dist-packages/optuna/distributions.py:671: UserWarning: The distribution is specified by [0.35000000000000003, 1.5999999999999999] and step=0.05, but the range is not divisible by `step`. It will be replaced with [0.35000000000000003, 1.55].
  optuna_warn(
/usr/local/lib/python3.11/dist-packages/optuna/distributions.py:671: UserWarning: The distribution is specified by [0.35000000000000003, 1.55] and step=0.05, but the range is not divisible by `step`. It will be replaced with [0.35000000000000003, 1.5].
  optuna_warn(
[I 2026-06-02 06:41:37,475] Trial 50 finished with value: 24825.0 and parameters: {'tp1_r_multiple': 0.5, 'tp2_r_multiple': 1.2, 'tp3_r_multiple': 1.5999999999999999, 'tp4_r_multiple': 2.8, 'tp5_r_multiple': 5.9, 'tp1_close_pct': 0.1, 'tp2_close_pct': 0.25, 'tp3_close_pct': 0.1, 'tp4_close_pct': 0.25, 'sl_after_tp2_r': 0.2, 'sl_after_tp3_r': 0.35000000000000003, 'sl_after_tp4_r': 0.7000000000000001}. Best is trial 24 with value: 1943365.0.
/usr/local/lib/python3.11/dist-packages/optuna/distributions.py:671: UserWarning: The distribution is specified by [1.5000000000000002, 2.8] and step=0.1, but the range is not divisible by `step`. It will be replaced with [1.5000000000000002, 2.7].
  optuna_warn(
/usr/local/lib/python3.11/dist-packages/optuna/distributions.py:671: UserWarning: The distribution is specified by [1.5000000000000002, 2.7] and step=0.1, but the range is not divisible by `step`. It will be replaced with [1.5000000000000002, 2.6].
  optuna_warn(
[I 2026-06-02 06:41:37,574] Trial 51 pruned. 
/usr/local/lib/python3.11/dist-packages/optuna/distributions.py:671: UserWarning: The distribution is specified by [0.35000000000000003, 1.4000000000000001] and step=0.05, but the range is not divisible by `step`. It will be replaced with [0.35000000000000003, 1.4000000000000001].
  optuna_warn(
[I 2026-06-02 06:44:21,519] Trial 48 finished with value: -999901400.0 and parameters: {'tp1_r_multiple': 0.5, 'tp2_r_multiple': 0.7999999999999999, 'tp3_r_multiple': 1.6, 'tp4_r_multiple': 2.8000000000000003, 'tp5_r_multiple': 5.0, 'tp1_close_pct': 0.15000000000000002, 'tp2_close_pct': 0.4, 'tp3_close_pct': 0.2, 'tp4_close_pct': 0.05, 'sl_after_tp2_r': 0.30000000000000004, 'sl_after_tp3_r': 0.6000000000000001, 'sl_after_tp4_r': 0.8}. Best is trial 24 with value: 1943365.0.
/usr/local/lib/python3.11/dist-packages/optuna/distributions.py:671: UserWarning: The distribution is specified by [0.35000000000000003, 1.4] and step=0.05, but the range is not divisible by `step`. It will be replaced with [0.35000000000000003, 1.35].
  optuna_warn(
/usr/local/lib/python3.11/dist-packages/optuna/distributions.py:671: UserWarning: The distribution is specified by [0.7000000000000001, 2.2] and step=0.05, but the range is not divisible by `step`. It will be replaced with [0.7000000000000001, 2.15].
  optuna_warn(
[I 2026-06-02 06:44:51,878] Trial 52 finished with value: 40004.0 and parameters: {'tp1_r_multiple': 0.7000000000000001, 'tp2_r_multiple': 1.4000000000000001, 'tp3_r_multiple': 2.3000000000000003, 'tp4_r_multiple': 3.2, 'tp5_r_multiple': 5.4, 'tp1_close_pct': 0.25, 'tp2_close_pct': 0.2, 'tp3_close_pct': 0.15000000000000002, 'tp4_close_pct': 0.25, 'sl_after_tp2_r': 0.35000000000000003, 'sl_after_tp3_r': 0.75, 'sl_after_tp4_r': 1.0}. Best is trial 24 with value: 1943365.0.
/usr/local/lib/python3.11/dist-packages/optuna/distributions.py:671: UserWarning: The distribution is specified by [0.35000000000000003, 1.35] and step=0.05, but the range is not divisible by `step`. It will be replaced with [0.35000000000000003, 1.3].
  optuna_warn(
/usr/local/lib/python3.11/dist-packages/optuna/distributions.py:671: UserWarning: The distribution is specified by [0.7000000000000001, 2.15] and step=0.05, but the range is not divisible by `step`. It will be replaced with [0.7000000000000001, 2.1].
  optuna_warn(
[I 2026-06-02 06:46:45,317] Trial 53 finished with value: -999953300.0 and parameters: {'tp1_r_multiple': 0.8, 'tp2_r_multiple': 1.4, 'tp3_r_multiple': 2.5, 'tp4_r_multiple': 3.3, 'tp5_r_multiple': 5.3999999999999995, 'tp1_close_pct': 0.25, 'tp2_close_pct': 0.2, 'tp3_close_pct': 0.15000000000000002, 'tp4_close_pct': 0.25, 'sl_after_tp2_r': 0.35000000000000003, 'sl_after_tp3_r': 0.7000000000000001, 'sl_after_tp4_r': 1.0}. Best is trial 24 with value: 1943365.0.
/usr/local/lib/python3.11/dist-packages/optuna/distributions.py:671: UserWarning: The distribution is specified by [3.3999999999999995, 6.0] and step=0.1, but the range is not divisible by `step`. It will be replaced with [3.3999999999999995, 5.999999999999999].
  optuna_warn(
[I 2026-06-02 06:47:18,488] Trial 54 finished with value: -999924100.0 and parameters: {'tp1_r_multiple': 0.9, 'tp2_r_multiple': 1.4000000000000001, 'tp3_r_multiple': 2.3000000000000003, 'tp4_r_multiple': 3.1, 'tp5_r_multiple': 5.7, 'tp1_close_pct': 0.25, 'tp2_close_pct': 0.2, 'tp3_close_pct': 0.15000000000000002, 'tp4_close_pct': 0.25, 'sl_after_tp2_r': 0.35000000000000003, 'sl_after_tp3_r': 0.75, 'sl_after_tp4_r': 0.95}. Best is trial 24 with value: 1943365.0.
/usr/local/lib/python3.11/dist-packages/optuna/distributions.py:671: UserWarning: The distribution is specified by [3.3999999999999995, 5.999999999999999] and step=0.1, but the range is not divisible by `step`. It will be replaced with [3.3999999999999995, 5.8999999999999995].
  optuna_warn(
[I 2026-06-02 06:50:39,009] Trial 56 finished with value: -999927200.0 and parameters: {'tp1_r_multiple': 1.0, 'tp2_r_multiple': 1.5, 'tp3_r_multiple': 2.3, 'tp4_r_multiple': 3.1999999999999997, 'tp5_r_multiple': 5.6, 'tp1_close_pct': 0.30000000000000004, 'tp2_close_pct': 0.15000000000000002, 'tp3_close_pct': 0.1, 'tp4_close_pct': 0.2, 'sl_after_tp2_r': 0.75, 'sl_after_tp3_r': 0.9, 'sl_after_tp4_r': 2.0500000000000003}. Best is trial 24 with value: 1943365.0.
[I 2026-06-02 06:51:41,918] Trial 55 finished with value: -999913400.0 and parameters: {'tp1_r_multiple': 0.9, 'tp2_r_multiple': 1.3, 'tp3_r_multiple': 2.3, 'tp4_r_multiple': 3.0999999999999996, 'tp5_r_multiple': 5.6, 'tp1_close_pct': 0.25, 'tp2_close_pct': 0.2, 'tp3_close_pct': 0.15000000000000002, 'tp4_close_pct': 0.2, 'sl_after_tp2_r': 0.8, 'sl_after_tp3_r': 0.9, 'sl_after_tp4_r': 1.75}. Best is trial 24 with value: 1943365.0.
/usr/local/lib/python3.11/dist-packages/optuna/distributions.py:671: UserWarning: The distribution is specified by [0.9000000000000001, 2.8] and step=0.1, but the range is not divisible by `step`. It will be replaced with [0.9000000000000001, 2.7].
  optuna_warn(
/usr/local/lib/python3.11/dist-packages/optuna/distributions.py:671: UserWarning: The distribution is specified by [1.4000000000000001, 4.0] and step=0.1, but the range is not divisible by `step`. It will be replaced with [1.4000000000000001, 3.9].
  optuna_warn(
/usr/local/lib/python3.11/dist-packages/optuna/distributions.py:671: UserWarning: The distribution is specified by [0.35000000000000003, 1.1] and step=0.05, but the range is not divisible by `step`. It will be replaced with [0.35000000000000003, 1.05].
  optuna_warn(
[I 2026-06-02 06:52:57,986] Trial 57 finished with value: -999975500.0 and parameters: {'tp1_r_multiple': 0.4, 'tp2_r_multiple': 1.0, 'tp3_r_multiple': 2.1, 'tp4_r_multiple': 3.4, 'tp5_r_multiple': 5.3, 'tp1_close_pct': 0.1, 'tp2_close_pct': 0.25, 'tp3_close_pct': 0.15000000000000002, 'tp4_close_pct': 0.2, 'sl_after_tp2_r': 0.2, 'sl_after_tp3_r': 0.7, 'sl_after_tp4_r': 1.2}. Best is trial 24 with value: 1943365.0.
/usr/local/lib/python3.11/dist-packages/optuna/distributions.py:671: UserWarning: The distribution is specified by [0.9000000000000001, 2.7] and step=0.1, but the range is not divisible by `step`. It will be replaced with [0.9000000000000001, 2.6].
  optuna_warn(
/usr/local/lib/python3.11/dist-packages/optuna/distributions.py:671: UserWarning: The distribution is specified by [1.4000000000000001, 3.9] and step=0.1, but the range is not divisible by `step`. It will be replaced with [1.4000000000000001, 3.8000000000000003].
  optuna_warn(
/usr/local/lib/python3.11/dist-packages/optuna/distributions.py:671: UserWarning: The distribution is specified by [0.35000000000000003, 1.05] and step=0.05, but the range is not divisible by `step`. It will be replaced with [0.35000000000000003, 1.0].
  optuna_warn(
/usr/local/lib/python3.11/dist-packages/optuna/distributions.py:671: UserWarning: The distribution is specified by [3.1999999999999997, 6.0] and step=0.1, but the range is not divisible by `step`. It will be replaced with [3.1999999999999997, 6.0].
  optuna_warn(
/usr/local/lib/python3.11/dist-packages/optuna/distributions.py:671: UserWarning: The distribution is specified by [0.35000000000000003, 1.5] and step=0.05, but the range is not divisible by `step`. It will be replaced with [0.35000000000000003, 1.45].
  optuna_warn(
[I 2026-06-02 06:54:16,123] Trial 58 finished with value: -28467.000000000044 and parameters: {'tp1_r_multiple': 0.4, 'tp2_r_multiple': 0.7000000000000001, 'tp3_r_multiple': 1.1, 'tp4_r_multiple': 1.7000000000000002, 'tp5_r_multiple': 4.6, 'tp1_close_pct': 0.1, 'tp2_close_pct': 0.25, 'tp3_close_pct': 0.1, 'tp4_close_pct': 0.25, 'sl_after_tp2_r': 0.2, 'sl_after_tp3_r': 0.35000000000000003, 'sl_after_tp4_r': 0.45000000000000007}. Best is trial 24 with value: 1943365.0.
/usr/local/lib/python3.11/dist-packages/optuna/distributions.py:671: UserWarning: The distribution is specified by [0.35000000000000003, 1.45] and step=0.05, but the range is not divisible by `step`. It will be replaced with [0.35000000000000003, 1.4000000000000001].
  optuna_warn(
[I 2026-06-02 06:54:16,221] Trial 60 pruned. 
[I 2026-06-02 06:54:16,314] Trial 61 pruned. 
[I 2026-06-02 06:56:11,227] Trial 59 finished with value: 37664.99999999999 and parameters: {'tp1_r_multiple': 0.6000000000000001, 'tp2_r_multiple': 1.5, 'tp3_r_multiple': 2.2, 'tp4_r_multiple': 2.9, 'tp5_r_multiple': 5.1, 'tp1_close_pct': 0.15000000000000002, 'tp2_close_pct': 0.30000000000000004, 'tp3_close_pct': 0.1, 'tp4_close_pct': 0.25, 'sl_after_tp2_r': 0.35000000000000003, 'sl_after_tp3_r': 0.8, 'sl_after_tp4_r': 1.8}. Best is trial 24 with value: 1943365.0.
[I 2026-06-02 06:57:35,151] Trial 62 finished with value: 39817.0 and parameters: {'tp1_r_multiple': 0.7000000000000001, 'tp2_r_multiple': 1.4000000000000001, 'tp3_r_multiple': 2.4000000000000004, 'tp4_r_multiple': 3.3000000000000003, 'tp5_r_multiple': 5.4, 'tp1_close_pct': 0.25, 'tp2_close_pct': 0.2, 'tp3_close_pct': 0.15000000000000002, 'tp4_close_pct': 0.25, 'sl_after_tp2_r': 0.30000000000000004, 'sl_after_tp3_r': 0.8, 'sl_after_tp4_r': 1.05}. Best is trial 24 with value: 1943365.0.
/usr/local/lib/python3.11/dist-packages/optuna/distributions.py:671: UserWarning: The distribution is specified by [0.45, 1.4000000000000001] and step=0.05, but the range is not divisible by `step`. It will be replaced with [0.45, 1.4].
  optuna_warn(
[I 2026-06-02 06:59:25,311] Trial 63 finished with value: 39790.0 and parameters: {'tp1_r_multiple': 0.7000000000000001, 'tp2_r_multiple': 1.4000000000000001, 'tp3_r_multiple': 2.4000000000000004, 'tp4_r_multiple': 3.3000000000000003, 'tp5_r_multiple': 5.4, 'tp1_close_pct': 0.25, 'tp2_close_pct': 0.2, 'tp3_close_pct': 0.15000000000000002, 'tp4_close_pct': 0.25, 'sl_after_tp2_r': 0.30000000000000004, 'sl_after_tp3_r': 0.75, 'sl_after_tp4_r': 1.05}. Best is trial 24 with value: 1943365.0.
/usr/local/lib/python3.11/dist-packages/optuna/distributions.py:671: UserWarning: The distribution is specified by [2.9000000000000004, 4.0] and step=0.1, but the range is not divisible by `step`. It will be replaced with [2.9000000000000004, 3.9000000000000004].
  optuna_warn(
/usr/local/lib/python3.11/dist-packages/optuna/distributions.py:671: UserWarning: The distribution is specified by [0.5, 1.3000000000000003] and step=0.05, but the range is not divisible by `step`. It will be replaced with [0.5, 1.3].
  optuna_warn(
/usr/local/lib/python3.11/dist-packages/optuna/distributions.py:671: UserWarning: The distribution is specified by [0.8500000000000001, 2.2] and step=0.05, but the range is not divisible by `step`. It will be replaced with [0.8500000000000001, 2.15].
  optuna_warn(
[I 2026-06-02 07:00:36,562] Trial 64 finished with value: -999965900.0 and parameters: {'tp1_r_multiple': 0.7000000000000001, 'tp2_r_multiple': 1.4000000000000001, 'tp3_r_multiple': 2.4000000000000004, 'tp4_r_multiple': 3.3000000000000003, 'tp5_r_multiple': 5.7, 'tp1_close_pct': 0.30000000000000004, 'tp2_close_pct': 0.2, 'tp3_close_pct': 0.15000000000000002, 'tp4_close_pct': 0.25, 'sl_after_tp2_r': 0.45, 'sl_after_tp3_r': 0.8, 'sl_after_tp4_r': 1.4000000000000001}. Best is trial 24 with value: 1943365.0.
/usr/local/lib/python3.11/dist-packages/optuna/distributions.py:671: UserWarning: The distribution is specified by [0.8500000000000001, 2.15] and step=0.05, but the range is not divisible by `step`. It will be replaced with [0.8500000000000001, 2.1].
  optuna_warn(
/usr/local/lib/python3.11/dist-packages/optuna/distributions.py:671: UserWarning: The distribution is specified by [0.25, 1.3000000000000003] and step=0.05, but the range is not divisible by `step`. It will be replaced with [0.25, 1.3].
  optuna_warn(
/usr/local/lib/python3.11/dist-packages/optuna/distributions.py:671: UserWarning: The distribution is specified by [0.9500000000000001, 2.2] and step=0.05, but the range is not divisible by `step`. It will be replaced with [0.9500000000000001, 2.15].
  optuna_warn(
/usr/local/lib/python3.11/dist-packages/optuna/distributions.py:671: UserWarning: The distribution is specified by [0.9500000000000001, 2.15] and step=0.05, but the range is not divisible by `step`. It will be replaced with [0.9500000000000001, 2.1].
  optuna_warn(
[I 2026-06-02 07:03:09,252] Trial 66 finished with value: -999923300.0 and parameters: {'tp1_r_multiple': 0.7000000000000001, 'tp2_r_multiple': 1.3000000000000003, 'tp3_r_multiple': 2.5, 'tp4_r_multiple': 3.4, 'tp5_r_multiple': 5.3, 'tp1_close_pct': 0.35, 'tp2_close_pct': 0.15000000000000002, 'tp3_close_pct': 0.2, 'tp4_close_pct': 0.2, 'sl_after_tp2_r': 0.25, 'sl_after_tp3_r': 0.9500000000000001, 'sl_after_tp4_r': 1.05}. Best is trial 24 with value: 1943365.0.
/usr/local/lib/python3.11/dist-packages/optuna/distributions.py:671: UserWarning: The distribution is specified by [3.8999999999999995, 6.0] and step=0.1, but the range is not divisible by `step`. It will be replaced with [3.8999999999999995, 5.999999999999999].
  optuna_warn(
[I 2026-06-02 07:04:18,112] Trial 65 finished with value: -999927200.0 and parameters: {'tp1_r_multiple': 0.7000000000000001, 'tp2_r_multiple': 1.3000000000000003, 'tp3_r_multiple': 2.6000000000000005, 'tp4_r_multiple': 3.3000000000000003, 'tp5_r_multiple': 5.7, 'tp1_close_pct': 0.30000000000000004, 'tp2_close_pct': 0.15000000000000002, 'tp3_close_pct': 0.15000000000000002, 'tp4_close_pct': 0.25, 'sl_after_tp2_r': 0.5, 'sl_after_tp3_r': 0.8500000000000001, 'sl_after_tp4_r': 1.4000000000000001}. Best is trial 24 with value: 1943365.0.
/usr/local/lib/python3.11/dist-packages/optuna/distributions.py:671: UserWarning: The distribution is specified by [3.8999999999999995, 5.999999999999999] and step=0.1, but the range is not divisible by `step`. It will be replaced with [3.8999999999999995, 5.8999999999999995].
  optuna_warn(
/usr/local/lib/python3.11/dist-packages/optuna/distributions.py:671: UserWarning: The distribution is specified by [0.35000000000000003, 1.6] and step=0.05, but the range is not divisible by `step`. It will be replaced with [0.35000000000000003, 1.55].
  optuna_warn(
/usr/local/lib/python3.11/dist-packages/optuna/distributions.py:671: UserWarning: The distribution is specified by [1.4000000000000001, 2.2] and step=0.05, but the range is not divisible by `step`. It will be replaced with [1.4000000000000001, 2.15].
  optuna_warn(
[I 2026-06-02 07:05:04,836] Trial 67 finished with value: -999992500.0 and parameters: {'tp1_r_multiple': 0.8, 'tp2_r_multiple': 1.8, 'tp3_r_multiple': 2.3, 'tp4_r_multiple': 3.5999999999999996, 'tp5_r_multiple': 5.199999999999999, 'tp1_close_pct': 0.2, 'tp2_close_pct': 0.2, 'tp3_close_pct': 0.15000000000000002, 'tp4_close_pct': 0.3, 'sl_after_tp2_r': 0.5, 'sl_after_tp3_r': 1.35, 'sl_after_tp4_r': 1.4500000000000002}. Best is trial 24 with value: 1943365.0.
/usr/local/lib/python3.11/dist-packages/optuna/distributions.py:671: UserWarning: The distribution is specified by [1.4000000000000001, 2.15] and step=0.05, but the range is not divisible by `step`. It will be replaced with [1.4000000000000001, 2.1].
  optuna_warn(
/usr/local/lib/python3.11/dist-packages/optuna/distributions.py:671: UserWarning: The distribution is specified by [2.1999999999999997, 4.0] and step=0.1, but the range is not divisible by `step`. It will be replaced with [2.1999999999999997, 3.9999999999999996].
  optuna_warn(
/usr/local/lib/python3.11/dist-packages/optuna/distributions.py:671: UserWarning: The distribution is specified by [0.35000000000000003, 1.0] and step=0.05, but the range is not divisible by `step`. It will be replaced with [0.35000000000000003, 0.9500000000000001].
  optuna_warn(
/usr/local/lib/python3.11/dist-packages/optuna/distributions.py:671: UserWarning: The distribution is specified by [0.7000000000000001, 1.9] and step=0.05, but the range is not divisible by `step`. It will be replaced with [0.7000000000000001, 1.85].
  optuna_warn(
[I 2026-06-02 07:07:27,710] Trial 68 finished with value: 24628.0 and parameters: {'tp1_r_multiple': 0.6000000000000001, 'tp2_r_multiple': 1.6, 'tp3_r_multiple': 2.3, 'tp4_r_multiple': 3.5999999999999996, 'tp5_r_multiple': 5.199999999999999, 'tp1_close_pct': 0.2, 'tp2_close_pct': 0.25, 'tp3_close_pct': 0.15000000000000002, 'tp4_close_pct': 0.15000000000000002, 'sl_after_tp2_r': 0.35000000000000003, 'sl_after_tp3_r': 1.4000000000000001, 'sl_after_tp4_r': 1.5000000000000002}. Best is trial 24 with value: 1943365.0.
/usr/local/lib/python3.11/dist-packages/optuna/distributions.py:671: UserWarning: The distribution is specified by [2.1999999999999997, 3.9999999999999996] and step=0.1, but the range is not divisible by `step`. It will be replaced with [2.1999999999999997, 3.9].
  optuna_warn(
/usr/local/lib/python3.11/dist-packages/optuna/distributions.py:671: UserWarning: The distribution is specified by [0.35000000000000003, 0.9500000000000001] and step=0.05, but the range is not divisible by `step`. It will be replaced with [0.35000000000000003, 0.9500000000000001].
  optuna_warn(
/usr/local/lib/python3.11/dist-packages/optuna/distributions.py:671: UserWarning: The distribution is specified by [0.7000000000000001, 1.85] and step=0.05, but the range is not divisible by `step`. It will be replaced with [0.7000000000000001, 1.8].
  optuna_warn(
/usr/local/lib/python3.11/dist-packages/optuna/distributions.py:671: UserWarning: The distribution is specified by [0.4, 1.4000000000000001] and step=0.05, but the range is not divisible by `step`. It will be replaced with [0.4, 1.4].
  optuna_warn(
/usr/local/lib/python3.11/dist-packages/optuna/distributions.py:671: UserWarning: The distribution is specified by [0.7000000000000001, 2.1] and step=0.05, but the range is not divisible by `step`. It will be replaced with [0.7000000000000001, 2.0500000000000003].
  optuna_warn(
[I 2026-06-02 07:08:08,519] Trial 69 finished with value: 39009.0 and parameters: {'tp1_r_multiple': 0.6000000000000001, 'tp2_r_multiple': 1.0, 'tp3_r_multiple': 1.9, 'tp4_r_multiple': 3.1999999999999997, 'tp5_r_multiple': 4.3999999999999995, 'tp1_close_pct': 0.1, 'tp2_close_pct': 0.25, 'tp3_close_pct': 0.2, 'tp4_close_pct': 0.15000000000000002, 'sl_after_tp2_r': 0.35000000000000003, 'sl_after_tp3_r': 0.7000000000000001, 'sl_after_tp4_r': 0.9000000000000001}. Best is trial 24 with value: 1943365.0.
/usr/local/lib/python3.11/dist-packages/optuna/distributions.py:671: UserWarning: The distribution is specified by [0.7000000000000001, 2.0500000000000003] and step=0.05, but the range is not divisible by `step`. It will be replaced with [0.7000000000000001, 2.0500000000000003].
  optuna_warn(
/usr/local/lib/python3.11/dist-packages/optuna/distributions.py:671: UserWarning: The distribution is specified by [1.2000000000000002, 2.1] and step=0.05, but the range is not divisible by `step`. It will be replaced with [1.2000000000000002, 2.0500000000000003].
  optuna_warn(
[I 2026-06-02 07:10:37,561] Trial 70 finished with value: 63701.0 and parameters: {'tp1_r_multiple': 0.7000000000000001, 'tp2_r_multiple': 1.4000000000000001, 'tp3_r_multiple': 2.1, 'tp4_r_multiple': 3.2, 'tp5_r_multiple': 5.9, 'tp1_close_pct': 0.1, 'tp2_close_pct': 0.1, 'tp3_close_pct': 0.2, 'tp4_close_pct': 0.25, 'sl_after_tp2_r': 0.4, 'sl_after_tp3_r': 0.7000000000000001, 'sl_after_tp4_r': 0.9000000000000001}. Best is trial 24 with value: 1943365.0.
/usr/local/lib/python3.11/dist-packages/optuna/distributions.py:671: UserWarning: The distribution is specified by [1.2000000000000002, 2.0500000000000003] and step=0.05, but the range is not divisible by `step`. It will be replaced with [1.2000000000000002, 2.0500000000000003].
  optuna_warn(
[I 2026-06-02 07:11:09,869] Trial 71 finished with value: 63660.0 and parameters: {'tp1_r_multiple': 0.7000000000000001, 'tp2_r_multiple': 1.4000000000000001, 'tp3_r_multiple': 2.1, 'tp4_r_multiple': 3.5, 'tp5_r_multiple': 5.5, 'tp1_close_pct': 0.25, 'tp2_close_pct': 0.1, 'tp3_close_pct': 0.1, 'tp4_close_pct': 0.25, 'sl_after_tp2_r': 0.4, 'sl_after_tp3_r': 1.2000000000000002, 'sl_after_tp4_r': 1.3000000000000003}. Best is trial 24 with value: 1943365.0.
