[I 2026-06-02 05:47:46,157] Trial 22 finished with value: -999908300.0 and parameters: {'tp1_r_multiple': 0.8, 'tp2_r_multiple': 1.2, 'tp3_r_multiple': 2.0, 'tp4_r_multiple': 3.4, 'tp5_r_multiple': 4.3999999999999995, 'tp1_close_pct': 0.15000000000000002, 'tp2_close_pct': 0.45, 'tp3_close_pct': 0.1, 'tp4_close_pct': 0.2, 'sl_after_tp2_r': 0.65, 'sl_after_tp3_r': 1.2, 'sl_after_tp4_r': 1.6}. Best is trial 0 with value: 1821028.0.
/usr/local/lib/python3.11/dist-packages/optuna/distributions.py:671: UserWarning: The distribution is specified by [2.6999999999999997, 3.9999999999999996] and step=0.1, but the range is not divisible by `step`. It will be replaced with [2.6999999999999997, 3.9].
  optuna_warn(
/usr/local/lib/python3.11/dist-packages/optuna/distributions.py:671: UserWarning: The distribution is specified by [1.9000000000000001, 2.8] and step=0.1, but the range is not divisible by `step`. It will be replaced with [1.9000000000000001, 2.7].
  optuna_warn(
[I 2026-06-02 05:49:47,345] Trial 23 finished with value: -999925900.0 and parameters: {'tp1_r_multiple': 0.8, 'tp2_r_multiple': 1.2, 'tp3_r_multiple': 2.4, 'tp4_r_multiple': 3.5, 'tp5_r_multiple': 4.3, 'tp1_close_pct': 0.1, 'tp2_close_pct': 0.35, 'tp3_close_pct': 0.1, 'tp4_close_pct': 0.1, 'sl_after_tp2_r': 0.65, 'sl_after_tp3_r': 1.1, 'sl_after_tp4_r': 2.1500000000000004}. Best is trial 0 with value: 1821028.0.
/usr/local/lib/python3.11/dist-packages/optuna/distributions.py:671: UserWarning: The distribution is specified by [1.9000000000000001, 2.7] and step=0.1, but the range is not divisible by `step`. It will be replaced with [1.9000000000000001, 2.6].
  optuna_warn(
[I 2026-06-02 05:51:38,224] Trial 25 finished with value: 23914.0 and parameters: {'tp1_r_multiple': 0.9, 'tp2_r_multiple': 1.7000000000000002, 'tp3_r_multiple': 2.2, 'tp4_r_multiple': 3.0, 'tp5_r_multiple': 4.8, 'tp1_close_pct': 0.2, 'tp2_close_pct': 0.4, 'tp3_close_pct': 0.15000000000000002, 'tp4_close_pct': 0.15000000000000002, 'sl_after_tp2_r': 0.8, 'sl_after_tp3_r': 1.5, 'sl_after_tp4_r': 1.95}. Best is trial 0 with value: 1821028.0.
/usr/local/lib/python3.11/dist-packages/optuna/distributions.py:671: UserWarning: The distribution is specified by [0.2, 1.4000000000000001] and step=0.05, but the range is not divisible by `step`. It will be replaced with [0.2, 1.4].
  optuna_warn(
[I 2026-06-02 05:54:23,712] Trial 26 finished with value: 64721.0 and parameters: {'tp1_r_multiple': 0.7000000000000001, 'tp2_r_multiple': 1.4000000000000001, 'tp3_r_multiple': 2.1, 'tp4_r_multiple': 3.4, 'tp5_r_multiple': 6.0, 'tp1_close_pct': 0.1, 'tp2_close_pct': 0.2, 'tp3_close_pct': 0.2, 'tp4_close_pct': 0.25, 'sl_after_tp2_r': 0.2, 'sl_after_tp3_r': 0.7, 'sl_after_tp4_r': 0.85}. Best is trial 0 with value: 1821028.0.
/usr/local/lib/python3.11/dist-packages/optuna/distributions.py:671: UserWarning: The distribution is specified by [2.8999999999999995, 6.0] and step=0.1, but the range is not divisible by `step`. It will be replaced with [2.8999999999999995, 5.999999999999999].
  optuna_warn(
/usr/local/lib/python3.11/dist-packages/optuna/distributions.py:671: UserWarning: The distribution is specified by [2.8999999999999995, 5.999999999999999] and step=0.1, but the range is not divisible by `step`. It will be replaced with [2.8999999999999995, 5.8999999999999995].
  optuna_warn(
[I 2026-06-02 05:56:25,269] Trial 27 finished with value: 23737.0 and parameters: {'tp1_r_multiple': 0.7000000000000001, 'tp2_r_multiple': 1.4000000000000001, 'tp3_r_multiple': 2.0, 'tp4_r_multiple': 2.5999999999999996, 'tp5_r_multiple': 5.999999999999999, 'tp1_close_pct': 0.15000000000000002, 'tp2_close_pct': 0.25, 'tp3_close_pct': 0.2, 'tp4_close_pct': 0.25, 'sl_after_tp2_r': 0.2, 'sl_after_tp3_r': 0.65, 'sl_after_tp4_r': 0.8}. Best is trial 0 with value: 1821028.0.
/usr/local/lib/python3.11/dist-packages/optuna/distributions.py:671: UserWarning: The distribution is specified by [0.30000000000000004, 1.4000000000000001] and step=0.05, but the range is not divisible by `step`. It will be replaced with [0.30000000000000004, 1.4000000000000001].
  optuna_warn(
[I 2026-06-02 05:59:24,519] Trial 28 finished with value: 39837.0 and parameters: {'tp1_r_multiple': 0.7000000000000001, 'tp2_r_multiple': 1.4000000000000001, 'tp3_r_multiple': 2.1, 'tp4_r_multiple': 3.0, 'tp5_r_multiple': 5.4, 'tp1_close_pct': 0.25, 'tp2_close_pct': 0.2, 'tp3_close_pct': 0.15000000000000002, 'tp4_close_pct': 0.25, 'sl_after_tp2_r': 0.30000000000000004, 'sl_after_tp3_r': 0.75, 'sl_after_tp4_r': 0.85}. Best is trial 0 with value: 1821028.0.
/usr/local/lib/python3.11/dist-packages/optuna/distributions.py:671: UserWarning: The distribution is specified by [1.5999999999999999, 2.8] and step=0.1, but the range is not divisible by `step`. It will be replaced with [1.5999999999999999, 2.8].
  optuna_warn(
/usr/local/lib/python3.11/dist-packages/optuna/distributions.py:671: UserWarning: The distribution is specified by [2.3999999999999995, 4.0] and step=0.1, but the range is not divisible by `step`. It will be replaced with [2.3999999999999995, 3.9999999999999996].
  optuna_warn(
/usr/local/lib/python3.11/dist-packages/optuna/distributions.py:671: UserWarning: The distribution is specified by [3.2999999999999994, 6.0] and step=0.1, but the range is not divisible by `step`. It will be replaced with [3.2999999999999994, 5.999999999999999].
  optuna_warn(
/usr/local/lib/python3.11/dist-packages/optuna/distributions.py:671: UserWarning: The distribution is specified by [0.7, 2.0999999999999996] and step=0.05, but the range is not divisible by `step`. It will be replaced with [0.7, 2.05].
  optuna_warn(
[I 2026-06-02 06:09:44,023] Trial 24 finished with value: 1943365.0 and parameters: {'tp1_r_multiple': 0.9, 'tp2_r_multiple': 1.7000000000000002, 'tp3_r_multiple': 2.4000000000000004, 'tp4_r_multiple': 3.4000000000000004, 'tp5_r_multiple': 4.7, 'tp1_close_pct': 0.1, 'tp2_close_pct': 0.35, 'tp3_close_pct': 0.15000000000000002, 'tp4_close_pct': 0.1, 'sl_after_tp2_r': 0.7, 'sl_after_tp3_r': 1.6, 'sl_after_tp4_r': 2.0}. Best is trial 24 with value: 1943365.0.
/usr/local/lib/python3.11/dist-packages/optuna/distributions.py:671: UserWarning: The distribution is specified by [2.3999999999999995, 3.9999999999999996] and step=0.1, but the range is not divisible by `step`. It will be replaced with [2.3999999999999995, 3.9999999999999996].
  optuna_warn(
/usr/local/lib/python3.11/dist-packages/optuna/distributions.py:671: UserWarning: The distribution is specified by [3.2999999999999994, 5.999999999999999] and step=0.1, but the range is not divisible by `step`. It will be replaced with [3.2999999999999994, 5.8999999999999995].
  optuna_warn(
/usr/local/lib/python3.11/dist-packages/optuna/distributions.py:671: UserWarning: The distribution is specified by [0.30000000000000004, 1.6] and step=0.05, but the range is not divisible by `step`. It will be replaced with [0.30000000000000004, 1.55].
  optuna_warn(
/usr/local/lib/python3.11/dist-packages/optuna/distributions.py:671: UserWarning: The distribution is specified by [0.30000000000000004, 1.55] and step=0.05, but the range is not divisible by `step`. It will be replaced with [0.30000000000000004, 1.5].
  optuna_warn(
[I 2026-06-02 06:11:47,449] Trial 30 finished with value: 23768.0 and parameters: {'tp1_r_multiple': 0.9, 'tp2_r_multiple': 1.7000000000000002, 'tp3_r_multiple': 2.5, 'tp4_r_multiple': 3.4, 'tp5_r_multiple': 4.6, 'tp1_close_pct': 0.30000000000000004, 'tp2_close_pct': 0.35, 'tp3_close_pct': 0.2, 'tp4_close_pct': 0.05, 'sl_after_tp2_r': 0.30000000000000004, 'sl_after_tp3_r': 1.3, 'sl_after_tp4_r': 1.9000000000000001}. Best is trial 24 with value: 1943365.0.
/usr/local/lib/python3.11/dist-packages/optuna/distributions.py:671: UserWarning: The distribution is specified by [3.0999999999999996, 4.0] and step=0.1, but the range is not divisible by `step`. It will be replaced with [3.0999999999999996, 3.9999999999999996].
  optuna_warn(
/usr/local/lib/python3.11/dist-packages/optuna/distributions.py:671: UserWarning: The distribution is specified by [3.7999999999999994, 6.0] and step=0.1, but the range is not divisible by `step`. It will be replaced with [3.7999999999999994, 5.999999999999999].
  optuna_warn(
/usr/local/lib/python3.11/dist-packages/optuna/distributions.py:671: UserWarning: The distribution is specified by [3.7999999999999994, 5.999999999999999] and step=0.1, but the range is not divisible by `step`. It will be replaced with [3.7999999999999994, 5.8999999999999995].
  optuna_warn(
[I 2026-06-02 06:14:24,526] Trial 31 finished with value: -999972000.0 and parameters: {'tp1_r_multiple': 0.5, 'tp2_r_multiple': 1.4, 'tp3_r_multiple': 2.8, 'tp4_r_multiple': 3.4999999999999996, 'tp5_r_multiple': 5.5, 'tp1_close_pct': 0.1, 'tp2_close_pct': 0.2, 'tp3_close_pct': 0.15000000000000002, 'tp4_close_pct': 0.1, 'sl_after_tp2_r': 0.25, 'sl_after_tp3_r': 0.45, 'sl_after_tp4_r': 0.6000000000000001}. Best is trial 24 with value: 1943365.0.
[I 2026-06-02 06:17:35,184] Trial 32 finished with value: 39790.0 and parameters: {'tp1_r_multiple': 0.7000000000000001, 'tp2_r_multiple': 1.4000000000000001, 'tp3_r_multiple': 2.4000000000000004, 'tp4_r_multiple': 3.3000000000000003, 'tp5_r_multiple': 5.4, 'tp1_close_pct': 0.25, 'tp2_close_pct': 0.2, 'tp3_close_pct': 0.15000000000000002, 'tp4_close_pct': 0.25, 'sl_after_tp2_r': 0.30000000000000004, 'sl_after_tp3_r': 0.75, 'sl_after_tp4_r': 1.0}. Best is trial 24 with value: 1943365.0.
[I 2026-06-02 06:17:35,330] Trial 33 pruned. 
[I 2026-06-02 06:21:16,904] Trial 34 finished with value: -999932300.0 and parameters: {'tp1_r_multiple': 0.6000000000000001, 'tp2_r_multiple': 1.6, 'tp3_r_multiple': 2.4000000000000004, 'tp4_r_multiple': 3.5, 'tp5_r_multiple': 5.3, 'tp1_close_pct': 0.2, 'tp2_close_pct': 0.2, 'tp3_close_pct': 0.2, 'tp4_close_pct': 0.25, 'sl_after_tp2_r': 0.25, 'sl_after_tp3_r': 0.8, 'sl_after_tp4_r': 1.3}. Best is trial 24 with value: 1943365.0.
[I 2026-06-02 06:21:50,007] Trial 29 finished with value: 1564764.0 and parameters: {'tp1_r_multiple': 0.5, 'tp2_r_multiple': 1.4, 'tp3_r_multiple': 2.0999999999999996, 'tp4_r_multiple': 2.9999999999999996, 'tp5_r_multiple': 5.3999999999999995, 'tp1_close_pct': 0.30000000000000004, 'tp2_close_pct': 0.2, 'tp3_close_pct': 0.15000000000000002, 'tp4_close_pct': 0.25, 'sl_after_tp2_r': 0.25, 'sl_after_tp3_r': 0.7, 'sl_after_tp4_r': 0.85}. Best is trial 24 with value: 1943365.0.
[I 2026-06-02 06:21:50,134] Trial 36 pruned. 
/usr/local/lib/python3.11/dist-packages/optuna/distributions.py:671: UserWarning: The distribution is specified by [0.2, 0.9000000000000001] and step=0.05, but the range is not divisible by `step`. It will be replaced with [0.2, 0.9].
  optuna_warn(
[I 2026-06-02 06:23:22,404] Trial 35 finished with value: -999988800.0 and parameters: {'tp1_r_multiple': 0.8, 'tp2_r_multiple': 1.3, 'tp3_r_multiple': 1.7, 'tp4_r_multiple': 2.1, 'tp5_r_multiple': 4.800000000000001, 'tp1_close_pct': 0.1, 'tp2_close_pct': 0.30000000000000004, 'tp3_close_pct': 0.15000000000000002, 'tp4_close_pct': 0.3, 'sl_after_tp2_r': 0.4, 'sl_after_tp3_r': 0.65, 'sl_after_tp4_r': 0.9}. Best is trial 24 with value: 1943365.0.
/usr/local/lib/python3.11/dist-packages/optuna/distributions.py:671: UserWarning: The distribution is specified by [1.5000000000000002, 4.0] and step=0.1, but the range is not divisible by `step`. It will be replaced with [1.5000000000000002, 3.9000000000000004].
  optuna_warn(
/usr/local/lib/python3.11/dist-packages/optuna/distributions.py:671: UserWarning: The distribution is specified by [1.9000000000000004, 6.0] and step=0.1, but the range is not divisible by `step`. It will be replaced with [1.9000000000000004, 5.9].
  optuna_warn(
/usr/local/lib/python3.11/dist-packages/optuna/distributions.py:671: UserWarning: The distribution is specified by [0.2, 1.2000000000000002] and step=0.05, but the range is not divisible by `step`. It will be replaced with [0.2, 1.2].
  optuna_warn(
[I 2026-06-02 06:24:09,551] Trial 37 finished with value: -999969900.0 and parameters: {'tp1_r_multiple': 0.4, 'tp2_r_multiple': 0.9000000000000001, 'tp3_r_multiple': 1.3, 'tp4_r_multiple': 2.5, 'tp5_r_multiple': 5.8, 'tp1_close_pct': 0.30000000000000004, 'tp2_close_pct': 0.30000000000000004, 'tp3_close_pct': 0.15000000000000002, 'tp4_close_pct': 0.1, 'sl_after_tp2_r': 0.2, 'sl_after_tp3_r': 0.25, 'sl_after_tp4_r': 0.65}. Best is trial 24 with value: 1943365.0.
/usr/local/lib/python3.11/dist-packages/optuna/distributions.py:671: UserWarning: The distribution is specified by [1.5000000000000002, 3.9000000000000004] and step=0.1, but the range is not divisible by `step`. It will be replaced with [1.5000000000000002, 3.9000000000000004].
  optuna_warn(
/usr/local/lib/python3.11/dist-packages/optuna/distributions.py:671: UserWarning: The distribution is specified by [1.9000000000000004, 5.9] and step=0.1, but the range is not divisible by `step`. It will be replaced with [1.9000000000000004, 5.800000000000001].
  optuna_warn(
[I 2026-06-02 06:24:09,648] Trial 39 pruned. 
/usr/local/lib/python3.11/dist-packages/optuna/distributions.py:671: UserWarning: The distribution is specified by [1.4000000000000001, 2.8] and step=0.1, but the range is not divisible by `step`. It will be replaced with [1.4000000000000001, 2.7].
  optuna_warn(
/usr/local/lib/python3.11/dist-packages/optuna/distributions.py:671: UserWarning: The distribution is specified by [0.25, 1.2000000000000002] and step=0.05, but the range is not divisible by `step`. It will be replaced with [0.25, 1.2].
  optuna_warn(
[I 2026-06-02 06:26:04,160] Trial 38 finished with value: 23938.0 and parameters: {'tp1_r_multiple': 0.4, 'tp2_r_multiple': 0.9000000000000001, 'tp3_r_multiple': 1.2000000000000002, 'tp4_r_multiple': 1.6000000000000003, 'tp5_r_multiple': 5.700000000000001, 'tp1_close_pct': 0.30000000000000004, 'tp2_close_pct': 0.30000000000000004, 'tp3_close_pct': 0.2, 'tp4_close_pct': 0.1, 'sl_after_tp2_r': 0.2, 'sl_after_tp3_r': 0.2, 'sl_after_tp4_r': 0.6000000000000001}. Best is trial 24 with value: 1943365.0.
/usr/local/lib/python3.11/dist-packages/optuna/distributions.py:671: UserWarning: The distribution is specified by [1.4000000000000001, 2.7] and step=0.1, but the range is not divisible by `step`. It will be replaced with [1.4000000000000001, 2.6].
  optuna_warn(
[I 2026-06-02 06:27:02,625] Trial 40 finished with value: 38298.0 and parameters: {'tp1_r_multiple': 0.6000000000000001, 'tp2_r_multiple': 1.2000000000000002, 'tp3_r_multiple': 2.2, 'tp4_r_multiple': 3.7, 'tp5_r_multiple': 5.8, 'tp1_close_pct': 0.2, 'tp2_close_pct': 0.15000000000000002, 'tp3_close_pct': 0.2, 'tp4_close_pct': 0.1, 'sl_after_tp2_r': 0.25, 'sl_after_tp3_r': 0.55, 'sl_after_tp4_r': 1.1500000000000001}. Best is trial 24 with value: 1943365.0.
/usr/local/lib/python3.11/dist-packages/optuna/distributions.py:671: UserWarning: The distribution is specified by [0.8500000000000001, 2.1] and step=0.05, but the range is not divisible by `step`. It will be replaced with [0.8500000000000001, 2.0500000000000003].
  optuna_warn(
/usr/local/lib/python3.11/dist-packages/optuna/distributions.py:671: UserWarning: The distribution is specified by [0.8500000000000001, 2.0500000000000003] and step=0.05, but the range is not divisible by `step`. It will be replaced with [0.8500000000000001, 2.0500000000000003].
  optuna_warn(
[I 2026-06-02 06:31:47,896] Trial 42 finished with value: -999925100.0 and parameters: {'tp1_r_multiple': 0.6000000000000001, 'tp2_r_multiple': 1.5, 'tp3_r_multiple': 2.1, 'tp4_r_multiple': 3.1, 'tp5_r_multiple': 5.2, 'tp1_close_pct': 0.25, 'tp2_close_pct': 0.2, 'tp3_close_pct': 0.15000000000000002, 'tp4_close_pct': 0.25, 'sl_after_tp2_r': 0.25, 'sl_after_tp3_r': 0.8500000000000001, 'sl_after_tp4_r': 1.4000000000000001}. Best is trial 24 with value: 1943365.0.
[I 2026-06-02 06:31:47,998] Trial 43 pruned. 
[I 2026-06-02 06:31:48,092] Trial 44 pruned. 
/usr/local/lib/python3.11/dist-packages/optuna/distributions.py:671: UserWarning: The distribution is specified by [0.35000000000000003, 1.3] and step=0.05, but the range is not divisible by `step`. It will be replaced with [0.35000000000000003, 1.25].
  optuna_warn(
/usr/local/lib/python3.11/dist-packages/optuna/distributions.py:671: UserWarning: The distribution is specified by [0.35000000000000003, 1.25] and step=0.05, but the range is not divisible by `step`. It will be replaced with [0.35000000000000003, 1.2].
  optuna_warn(
[I 2026-06-02 06:34:03,881] Trial 45 finished with value: -999975000.0 and parameters: {'tp1_r_multiple': 0.9, 'tp2_r_multiple': 1.3, 'tp3_r_multiple': 2.7, 'tp4_r_multiple': 3.4, 'tp5_r_multiple': 4.699999999999999, 'tp1_close_pct': 0.25, 'tp2_close_pct': 0.2, 'tp3_close_pct': 0.1, 'tp4_close_pct': 0.25, 'sl_after_tp2_r': 0.35000000000000003, 'sl_after_tp3_r': 0.75, 'sl_after_tp4_r': 0.95}. Best is trial 24 with value: 1943365.0.
[I 2026-06-02 06:36:24,689] Trial 46 finished with value: -999972000.0 and parameters: {'tp1_r_multiple': 0.6000000000000001, 'tp2_r_multiple': 1.6, 'tp3_r_multiple': 2.2, 'tp4_r_multiple': 3.7, 'tp5_r_multiple': 5.3, 'tp1_close_pct': 0.1, 'tp2_close_pct': 0.25, 'tp3_close_pct': 0.15000000000000002, 'tp4_close_pct': 0.3, 'sl_after_tp2_r': 0.25, 'sl_after_tp3_r': 0.55, 'sl_after_tp4_r': 0.8}. Best is trial 24 with value: 1943365.0.
/usr/local/lib/python3.11/dist-packages/optuna/distributions.py:671: UserWarning: The distribution is specified by [1.7000000000000002, 2.8] and step=0.1, but the range is not divisible by `step`. It will be replaced with [1.7000000000000002, 2.7].
  optuna_warn(
/usr/local/lib/python3.11/dist-packages/optuna/distributions.py:671: UserWarning: The distribution is specified by [0.30000000000000004, 1.5000000000000002] and step=0.05, but the range is not divisible by `step`. It will be replaced with [0.30000000000000004, 1.5].
  optuna_warn(
/usr/local/lib/python3.11/dist-packages/optuna/distributions.py:671: UserWarning: The distribution is specified by [0.6000000000000001, 2.0] and step=0.05, but the range is not divisible by `step`. It will be replaced with [0.6000000000000001, 1.9500000000000002].
  optuna_warn(
[I 2026-06-02 06:38:30,083] Trial 41 finished with value: -999737900.0 and parameters: {'tp1_r_multiple': 0.6000000000000001, 'tp2_r_multiple': 1.5, 'tp3_r_multiple': 2.6, 'tp4_r_multiple': 3.7, 'tp5_r_multiple': 5.2, 'tp1_close_pct': 0.2, 'tp2_close_pct': 0.15000000000000002, 'tp3_close_pct': 0.15000000000000002, 'tp4_close_pct': 0.2, 'sl_after_tp2_r': 0.25, 'sl_after_tp3_r': 0.55, 'sl_after_tp4_r': 1.1500000000000001}. Best is trial 24 with value: 1943365.0.
/usr/local/lib/python3.11/dist-packages/optuna/distributions.py:671: UserWarning: The distribution is specified by [1.7000000000000002, 2.7] and step=0.1, but the range is not divisible by `step`. It will be replaced with [1.7000000000000002, 2.6].
  optuna_warn(
/usr/local/lib/python3.11/dist-packages/optuna/distributions.py:671: UserWarning: The distribution is specified by [0.30000000000000004, 1.5] and step=0.05, but the range is not divisible by `step`. It will be replaced with [0.30000000000000004, 1.45].
  optuna_warn(
/usr/local/lib/python3.11/dist-packages/optuna/distributions.py:671: UserWarning: The distribution is specified by [0.6000000000000001, 1.9500000000000002] and step=0.05, but the range is not divisible by `step`. It will be replaced with [0.6000000000000001, 1.9500000000000002].
  optuna_warn(
/usr/local/lib/python3.11/dist-packages/optuna/distributions.py:671: UserWarning: The distribution is specified by [1.9000000000000001, 4.0] and step=0.1, but the range is not divisible by `step`. It will be replaced with [1.9000000000000001, 3.9].
  optuna_warn(
/usr/local/lib/python3.11/dist-packages/optuna/distributions.py:671: UserWarning: The distribution is specified by [0.30000000000000004, 0.7999999999999999] and step=0.05, but the range is not divisible by `step`. It will be replaced with [0.30000000000000004, 0.75].
  optuna_warn(
/usr/local/lib/python3.11/dist-packages/optuna/distributions.py:671: UserWarning: The distribution is specified by [0.6000000000000001, 1.6] and step=0.05, but the range is not divisible by `step`. It will be replaced with [0.6000000000000001, 1.55].
  optuna_warn(
[I 2026-06-02 06:39:36,414] Trial 47 finished with value: 37938.0 and parameters: {'tp1_r_multiple': 0.7000000000000001, 'tp2_r_multiple': 1.5000000000000002, 'tp3_r_multiple': 2.0, 'tp4_r_multiple': 3.9, 'tp5_r_multiple': 5.1000000000000005, 'tp1_close_pct': 0.15000000000000002, 'tp2_close_pct': 0.15000000000000002, 'tp3_close_pct': 0.2, 'tp4_close_pct': 0.05, 'sl_after_tp2_r': 0.30000000000000004, 'sl_after_tp3_r': 0.6000000000000001, 'sl_after_tp4_r': 0.8500000000000001}. Best is trial 24 with value: 1943365.0.
/usr/local/lib/python3.11/dist-packages/optuna/distributions.py:671: UserWarning: The distribution is specified by [1.9000000000000001, 3.9] and step=0.1, but the range is not divisible by `step`. It will be replaced with [1.9000000000000001, 3.8000000000000003].
  optuna_warn(
/usr/local/lib/python3.11/dist-packages/optuna/distributions.py:671: UserWarning: The distribution is specified by [0.30000000000000004, 0.75] and step=0.05, but the range is not divisible by `step`. It will be replaced with [0.30000000000000004, 0.7000000000000001].
  optuna_warn(
/usr/local/lib/python3.11/dist-packages/optuna/distributions.py:671: UserWarning: The distribution is specified by [0.6000000000000001, 1.55] and step=0.05, but the range is not divisible by `step`. It will be replaced with [0.6000000000000001, 1.5].
  optuna_warn(
