[I 2026-06-02 04:23:32,803] Trial 52 finished with value: 166349.0 and parameters: {'CFG_TDD_CAUTION_PCT': 5.0, 'CFG_TDD_WARNING_PCT': 8.0, 'CFG_TDD_EMERGENCY_PCT': 9.0, 'CFG_RISK_CAUTIOUS': 0.75, 'CFG_RISK_CONSERVATIVE': 0.45000000000000007, 'CFG_RISK_ULTRASAFE': 0.35, 'TDD_WALL_SAFETY': 5.0, 'VOL_SIZE_MULT_LOW': 1.6, 'VOL_SIZE_MULT_HIGH': 0.2}. Best is trial 25 with value: 1821028.0.
[I 2026-06-02 04:24:03,494] Trial 54 finished with value: -999951200.0 and parameters: {'CFG_TDD_CAUTION_PCT': 4.0, 'CFG_TDD_WARNING_PCT': 7.0, 'CFG_TDD_EMERGENCY_PCT': 8.0, 'CFG_RISK_CAUTIOUS': 0.7, 'CFG_RISK_CONSERVATIVE': 0.35, 'CFG_RISK_ULTRASAFE': 0.30000000000000004, 'TDD_WALL_SAFETY': 4.5, 'VOL_SIZE_MULT_LOW': 1.6, 'VOL_SIZE_MULT_HIGH': 0.4}. Best is trial 25 with value: 1821028.0.
[I 2026-06-02 04:27:03,574] Trial 55 finished with value: -999944100.0 and parameters: {'CFG_TDD_CAUTION_PCT': 4.0, 'CFG_TDD_WARNING_PCT': 7.0, 'CFG_TDD_EMERGENCY_PCT': 8.0, 'CFG_RISK_CAUTIOUS': 0.65, 'CFG_RISK_CONSERVATIVE': 0.35, 'CFG_RISK_ULTRASAFE': 0.30000000000000004, 'TDD_WALL_SAFETY': 4.5, 'VOL_SIZE_MULT_LOW': 1.5, 'VOL_SIZE_MULT_HIGH': 0.30000000000000004}. Best is trial 25 with value: 1821028.0.
[I 2026-06-02 04:43:06,472] Trial 56 finished with value: 1068469.0 and parameters: {'CFG_TDD_CAUTION_PCT': 3.5, 'CFG_TDD_WARNING_PCT': 6.5, 'CFG_TDD_EMERGENCY_PCT': 8.0, 'CFG_RISK_CAUTIOUS': 0.5, 'CFG_RISK_CONSERVATIVE': 0.30000000000000004, 'CFG_RISK_ULTRASAFE': 0.25, 'TDD_WALL_SAFETY': 4.5, 'VOL_SIZE_MULT_LOW': 1.5, 'VOL_SIZE_MULT_HIGH': 0.30000000000000004}. Best is trial 25 with value: 1821028.0.
[I 2026-06-02 04:44:36,391] Trial 57 finished with value: 1266109.0 and parameters: {'CFG_TDD_CAUTION_PCT': 3.5, 'CFG_TDD_WARNING_PCT': 6.0, 'CFG_TDD_EMERGENCY_PCT': 8.5, 'CFG_RISK_CAUTIOUS': 0.55, 'CFG_RISK_CONSERVATIVE': 0.30000000000000004, 'CFG_RISK_ULTRASAFE': 0.25, 'TDD_WALL_SAFETY': 2.0, 'VOL_SIZE_MULT_LOW': 1.7000000000000002, 'VOL_SIZE_MULT_HIGH': 0.5}. Best is trial 25 with value: 1821028.0.
[I 2026-06-02 04:45:56,759] Trial 58 finished with value: -45525.99999999999 and parameters: {'CFG_TDD_CAUTION_PCT': 3.5, 'CFG_TDD_WARNING_PCT': 6.0, 'CFG_TDD_EMERGENCY_PCT': 8.5, 'CFG_RISK_CAUTIOUS': 0.5, 'CFG_RISK_CONSERVATIVE': 0.30000000000000004, 'CFG_RISK_ULTRASAFE': 0.2, 'TDD_WALL_SAFETY': 4.5, 'VOL_SIZE_MULT_LOW': 1.7000000000000002, 'VOL_SIZE_MULT_HIGH': 0.30000000000000004}. Best is trial 25 with value: 1821028.0.
[I 2026-06-02 04:47:23,716] Trial 59 finished with value: -999928800.0 and parameters: {'CFG_TDD_CAUTION_PCT': 3.5, 'CFG_TDD_WARNING_PCT': 6.0, 'CFG_TDD_EMERGENCY_PCT': 8.5, 'CFG_RISK_CAUTIOUS': 0.5, 'CFG_RISK_CONSERVATIVE': 0.30000000000000004, 'CFG_RISK_ULTRASAFE': 0.2, 'TDD_WALL_SAFETY': 2.0, 'VOL_SIZE_MULT_LOW': 1.8, 'VOL_SIZE_MULT_HIGH': 0.2}. Best is trial 25 with value: 1821028.0.
[I 2026-06-02 04:52:07,571] Trial 61 finished with value: -999911200.0 and parameters: {'CFG_TDD_CAUTION_PCT': 3.0, 'CFG_TDD_WARNING_PCT': 5.5, 'CFG_TDD_EMERGENCY_PCT': 7.0, 'CFG_RISK_CAUTIOUS': 0.45, 'CFG_RISK_CONSERVATIVE': 0.2, 'CFG_RISK_ULTRASAFE': 0.15000000000000002, 'TDD_WALL_SAFETY': 2.0, 'VOL_SIZE_MULT_LOW': 1.8, 'VOL_SIZE_MULT_HIGH': 0.5}. Best is trial 25 with value: 1821028.0.
[I 2026-06-02 05:06:32,484] Trial 60 finished with value: 1112546.0 and parameters: {'CFG_TDD_CAUTION_PCT': 3.0, 'CFG_TDD_WARNING_PCT': 5.5, 'CFG_TDD_EMERGENCY_PCT': 7.0, 'CFG_RISK_CAUTIOUS': 0.5, 'CFG_RISK_CONSERVATIVE': 0.2, 'CFG_RISK_ULTRASAFE': 0.15000000000000002, 'TDD_WALL_SAFETY': 2.0, 'VOL_SIZE_MULT_LOW': 1.8, 'VOL_SIZE_MULT_HIGH': 0.5}. Best is trial 25 with value: 1821028.0.

60 trials | 28 SURVIVED (0-breach)
           net   TDD%   DDD%    funded scal         score
OK   1,834,096   9.16   3.74 1,250,000   19     1,821,028
OK   1,266,109   7.13   4.71   800,000   17     1,266,109
OK   1,263,762    6.6   4.71   800,000   17     1,263,762
OK   1,115,069   8.79   4.91   700,000   16     1,112,546
OK   1,103,894    6.3   3.96   700,000   16     1,103,894
OK   1,073,042   5.87   3.88   700,000   16     1,073,042
OK   1,068,469   6.99   3.26   700,000   16     1,068,469
OK     938,792   8.43   4.54   600,000   15       938,792
OK     903,110   6.15   3.39   600,000   15       903,110
OK     849,095    6.6   4.04   600,000   15       849,095

stage safety: 88.4 min, best survived=True
locked -> /tmp/cont_opt_state.json:
  safety={'CFG_TDD_CAUTION_PCT': '5.5', 'CFG_RISK_CAUTIOUS': '0.45', 'CFG_TDD_WARNING_PCT': '7.5', 'CFG_RISK_CONSERVATIVE': '0.25', 'CFG_TDD_EMERGENCY_PCT': '8.5', 'CFG_RISK_ULTRASAFE': '0.25', 'TDD_WALL_SAFETY': '4.5', 'VOL_SIZE_ENABLE': '1', 'VOL_SIZE_MULT_LOW': '1.7000000000000002', 'VOL_SIZE_MULT_HIGH': '0.6000000000000001'}
  tp={'tp1_r_multiple': 0.5, 'tp2_r_multiple': 0.9, 'tp3_r_multiple': 1.2, 'tp4_r_multiple': 1.5, 'tp5_r_multiple': 5.2, 'tp1_close_pct': 0.1, 'tp2_close_pct': 0.4, 'tp3_close_pct': 0.15, 'tp4_close_pct': 0.15, 'tp5_close_pct': 0.2, 'sl_after_tp2_r': 0.2, 'sl_after_tp3_r': 0.35, 'sl_after_tp4_r': 0.35}
>>> STAGE safety COMPLETE Tue Jun  2 05:06:36 UTC 2026
>>> STAGE tp target=80 Tue Jun  2 05:06:36 UTC 2026
>>> [tp] attempt 1 Tue Jun  2 05:06:37 UTC 2026
[I 2026-06-02 05:06:38,062] A new study created in RDB with name: cont_tp
stage tp: 0 done, running 80 more to reach 80
[I 2026-06-02 05:26:33,392] Trial 0 finished with value: 1821028.0 and parameters: {'tp1_r_multiple': 0.5, 'tp2_r_multiple': 0.9, 'tp3_r_multiple': 1.2, 'tp4_r_multiple': 1.5, 'tp5_r_multiple': 5.2, 'tp1_close_pct': 0.1, 'tp2_close_pct': 0.4, 'tp3_close_pct': 0.15, 'tp4_close_pct': 0.15, 'sl_after_tp2_r': 0.2, 'sl_after_tp3_r': 0.35, 'sl_after_tp4_r': 0.35}. Best is trial 0 with value: 1821028.0.
[I 2026-06-02 05:26:33,456] Trial 1 pruned. 
[I 2026-06-02 05:26:33,516] Trial 2 pruned. 
/usr/local/lib/python3.11/dist-packages/optuna/distributions.py:671: UserWarning: The distribution is specified by [0.2, 0.6000000000000001] and step=0.05, but the range is not divisible by `step`. It will be replaced with [0.2, 0.6].
  optuna_warn(
/usr/local/lib/python3.11/dist-packages/optuna/distributions.py:671: UserWarning: The distribution is specified by [0.30000000000000004, 1.3] and step=0.05, but the range is not divisible by `step`. It will be replaced with [0.30000000000000004, 1.25].
  optuna_warn(
/usr/local/lib/python3.11/dist-packages/optuna/distributions.py:671: UserWarning: The distribution is specified by [0.6500000000000001, 2.2] and step=0.05, but the range is not divisible by `step`. It will be replaced with [0.6500000000000001, 2.15].
  optuna_warn(
[I 2026-06-02 05:26:50,808] Trial 0 finished with value: 1821028.0 and parameters: {'tp1_r_multiple': 0.5, 'tp2_r_multiple': 0.9, 'tp3_r_multiple': 1.2, 'tp4_r_multiple': 1.5, 'tp5_r_multiple': 5.2, 'tp1_close_pct': 0.1, 'tp2_close_pct': 0.4, 'tp3_close_pct': 0.15, 'tp4_close_pct': 0.15, 'sl_after_tp2_r': 0.2, 'sl_after_tp3_r': 0.35, 'sl_after_tp4_r': 0.35}. Best is trial 0 with value: 1821028.0.
/usr/local/lib/python3.11/dist-packages/optuna/distributions.py:671: UserWarning: The distribution is specified by [0.30000000000000004, 1.25] and step=0.05, but the range is not divisible by `step`. It will be replaced with [0.30000000000000004, 1.2].
  optuna_warn(
/usr/local/lib/python3.11/dist-packages/optuna/distributions.py:671: UserWarning: The distribution is specified by [0.6500000000000001, 2.15] and step=0.05, but the range is not divisible by `step`. It will be replaced with [0.6500000000000001, 2.1].
  optuna_warn(
[I 2026-06-02 05:29:16,207] Trial 3 finished with value: 9822.0 and parameters: {'tp1_r_multiple': 0.6000000000000001, 'tp2_r_multiple': 1.3, 'tp3_r_multiple': 2.7, 'tp4_r_multiple': 4.0, 'tp5_r_multiple': 5.1, 'tp1_close_pct': 0.2, 'tp2_close_pct': 0.2, 'tp3_close_pct': 0.2, 'tp4_close_pct': 0.1, 'sl_after_tp2_r': 0.30000000000000004, 'sl_after_tp3_r': 0.6500000000000001, 'sl_after_tp4_r': 2.15}. Best is trial 0 with value: 1821028.0.
Traceback (most recent call last):
  File "/home/user/20k5ers/backtest/src/optimize_continuous.py", line 336, in <module>
    main()
  File "/home/user/20k5ers/backtest/src/optimize_continuous.py", line 319, in main
    study.optimize(make_objective(args.stage, state), n_trials=remaining, n_jobs=args.jobs)
  File "/usr/local/lib/python3.11/dist-packages/optuna/study/study.py", line 490, in optimize
    _optimize(
  File "/usr/local/lib/python3.11/dist-packages/optuna/study/_optimize.py", line 105, in _optimize
    f.result()
  File "/usr/lib/python3.11/concurrent/futures/_base.py", line 449, in result
    return self.__get_result()
           ^^^^^^^^^^^^^^^^^^^
  File "/usr/lib/python3.11/concurrent/futures/_base.py", line 401, in __get_result
    raise self._exception
  File "/usr/lib/python3.11/concurrent/futures/thread.py", line 58, in run
    result = self.fn(*self.args, **self.kwargs)
             ^^^^^^^^^^^^^^^^^^^^^^^^^^^^^^^^^^
  File "/usr/local/lib/python3.11/dist-packages/optuna/study/_optimize.py", line 165, in _optimize_sequential
    frozen_trial_id = _run_trial(study, func, catch)
                      ^^^^^^^^^^^^^^^^^^^^^^^^^^^^^^
  File "/usr/local/lib/python3.11/dist-packages/optuna/study/_optimize.py", line 218, in _run_trial
    updated_state, values, warning_message = _tell_with_warning(
                                             ^^^^^^^^^^^^^^^^^^^
  File "/usr/local/lib/python3.11/dist-packages/optuna/study/_tell.py", line 114, in _tell_with_warning
    raise ValueError(f"Cannot tell a {frozen_trial.state.name} trial.")
ValueError: Cannot tell a COMPLETE trial.
>>> [tp] attempt 2 Tue Jun  2 05:29:20 UTC 2026
[I 2026-06-02 05:29:20,861] Using an existing study with name 'cont_tp' instead of creating a new one.
/usr/local/lib/python3.11/dist-packages/optuna/distributions.py:671: UserWarning: The distribution is specified by [0.30000000000000004, 1.25] and step=0.05, but the range is not divisible by `step`. It will be replaced with [0.30000000000000004, 1.2].
  optuna_warn(
/usr/local/lib/python3.11/dist-packages/optuna/distributions.py:671: UserWarning: The distribution is specified by [0.6500000000000001, 2.15] and step=0.05, but the range is not divisible by `step`. It will be replaced with [0.6500000000000001, 2.1].
  optuna_warn(
stage tp: 4 done, running 76 more to reach 80
[I 2026-06-02 05:29:21,034] Trial 5 pruned. 
[I 2026-06-02 05:29:21,038] Trial 4 pruned. 
[I 2026-06-02 05:29:21,160] Trial 6 pruned. 
[I 2026-06-02 05:29:21,183] Trial 7 pruned. 
[I 2026-06-02 05:29:21,318] Trial 9 pruned. 
/usr/local/lib/python3.11/dist-packages/optuna/distributions.py:671: UserWarning: The distribution is specified by [0.9000000000000001, 1.8] and step=0.1, but the range is not divisible by `step`. It will be replaced with [0.9000000000000001, 1.7000000000000002].
  optuna_warn(
/usr/local/lib/python3.11/dist-packages/optuna/distributions.py:671: UserWarning: The distribution is specified by [2.5999999999999996, 6.0] and step=0.1, but the range is not divisible by `step`. It will be replaced with [2.5999999999999996, 6.0].
  optuna_warn(
/usr/local/lib/python3.11/dist-packages/optuna/distributions.py:671: UserWarning: The distribution is specified by [0.9000000000000001, 1.7000000000000002] and step=0.1, but the range is not divisible by `step`. It will be replaced with [0.9000000000000001, 1.7000000000000002].
  optuna_warn(
[I 2026-06-02 05:29:21,385] Trial 10 pruned. 
/usr/local/lib/python3.11/dist-packages/optuna/distributions.py:671: UserWarning: The distribution is specified by [0.6000000000000001, 1.8] and step=0.1, but the range is not divisible by `step`. It will be replaced with [0.6000000000000001, 1.7000000000000002].
  optuna_warn(
/usr/local/lib/python3.11/dist-packages/optuna/distributions.py:671: UserWarning: The distribution is specified by [0.2, 0.6000000000000001] and step=0.05, but the range is not divisible by `step`. It will be replaced with [0.2, 0.6].
  optuna_warn(
[I 2026-06-02 05:31:11,717] Trial 8 finished with value: 23810.0 and parameters: {'tp1_r_multiple': 0.9, 'tp2_r_multiple': 1.6, 'tp3_r_multiple': 2.6, 'tp4_r_multiple': 3.6, 'tp5_r_multiple': 5.1, 'tp1_close_pct': 0.2, 'tp2_close_pct': 0.25, 'tp3_close_pct': 0.3, 'tp4_close_pct': 0.1, 'sl_after_tp2_r': 0.8, 'sl_after_tp3_r': 1.0, 'sl_after_tp4_r': 1.25}. Best is trial 0 with value: 1821028.0.
/usr/local/lib/python3.11/dist-packages/optuna/distributions.py:671: UserWarning: The distribution is specified by [0.6000000000000001, 1.7000000000000002] and step=0.1, but the range is not divisible by `step`. It will be replaced with [0.6000000000000001, 1.7000000000000002].
  optuna_warn(
/usr/local/lib/python3.11/dist-packages/optuna/distributions.py:671: UserWarning: The distribution is specified by [0.4, 0.6000000000000001] and step=0.05, but the range is not divisible by `step`. It will be replaced with [0.4, 0.6].
  optuna_warn(
[I 2026-06-02 05:32:10,719] Trial 11 finished with value: -999960900.0 and parameters: {'tp1_r_multiple': 0.4, 'tp2_r_multiple': 0.6000000000000001, 'tp3_r_multiple': 0.9, 'tp4_r_multiple': 1.2, 'tp5_r_multiple': 2.8, 'tp1_close_pct': 0.1, 'tp2_close_pct': 0.15000000000000002, 'tp3_close_pct': 0.3, 'tp4_close_pct': 0.05, 'sl_after_tp2_r': 0.2, 'sl_after_tp3_r': 0.25, 'sl_after_tp4_r': 0.25}. Best is trial 0 with value: 1821028.0.
/usr/local/lib/python3.11/dist-packages/optuna/distributions.py:671: UserWarning: The distribution is specified by [2.5999999999999996, 4.0] and step=0.1, but the range is not divisible by `step`. It will be replaced with [2.5999999999999996, 3.9999999999999996].
  optuna_warn(
/usr/local/lib/python3.11/dist-packages/optuna/distributions.py:671: UserWarning: The distribution is specified by [3.5999999999999996, 6.0] and step=0.1, but the range is not divisible by `step`. It will be replaced with [3.5999999999999996, 6.0].
  optuna_warn(
/usr/local/lib/python3.11/dist-packages/optuna/distributions.py:671: UserWarning: The distribution is specified by [0.9000000000000001, 1.6] and step=0.05, but the range is not divisible by `step`. It will be replaced with [0.9000000000000001, 1.55].
  optuna_warn(
/usr/local/lib/python3.11/dist-packages/optuna/distributions.py:671: UserWarning: The distribution is specified by [1.5000000000000002, 2.2] and step=0.05, but the range is not divisible by `step`. It will be replaced with [1.5000000000000002, 2.1500000000000004].
  optuna_warn(
/usr/local/lib/python3.11/dist-packages/optuna/distributions.py:671: UserWarning: The distribution is specified by [0.9000000000000001, 1.55] and step=0.05, but the range is not divisible by `step`. It will be replaced with [0.9000000000000001, 1.5].
  optuna_warn(
/usr/local/lib/python3.11/dist-packages/optuna/distributions.py:671: UserWarning: The distribution is specified by [1.5000000000000002, 2.1500000000000004] and step=0.05, but the range is not divisible by `step`. It will be replaced with [1.5000000000000002, 2.1500000000000004].
  optuna_warn(
[I 2026-06-02 05:34:02,119] Trial 13 finished with value: 24060.0 and parameters: {'tp1_r_multiple': 1.0, 'tp2_r_multiple': 1.8, 'tp3_r_multiple': 2.3, 'tp4_r_multiple': 3.3, 'tp5_r_multiple': 4.1, 'tp1_close_pct': 0.1, 'tp2_close_pct': 0.1, 'tp3_close_pct': 0.25, 'tp4_close_pct': 0.15000000000000002, 'sl_after_tp2_r': 0.9000000000000001, 'sl_after_tp3_r': 1.5000000000000002, 'sl_after_tp4_r': 1.5000000000000002}. Best is trial 0 with value: 1821028.0.
[I 2026-06-02 05:35:31,688] Trial 12 finished with value: -999925200.0 and parameters: {'tp1_r_multiple': 0.4, 'tp2_r_multiple': 0.6000000000000001, 'tp3_r_multiple': 0.8, 'tp4_r_multiple': 1.3, 'tp5_r_multiple': 3.1, 'tp1_close_pct': 0.1, 'tp2_close_pct': 0.15000000000000002, 'tp3_close_pct': 0.3, 'tp4_close_pct': 0.05, 'sl_after_tp2_r': 0.4, 'sl_after_tp3_r': 0.4, 'sl_after_tp4_r': 0.4}. Best is trial 0 with value: 1821028.0.
/usr/local/lib/python3.11/dist-packages/optuna/distributions.py:671: UserWarning: The distribution is specified by [3.4999999999999996, 6.0] and step=0.1, but the range is not divisible by `step`. It will be replaced with [3.4999999999999996, 6.0].
  optuna_warn(
[I 2026-06-02 05:36:45,071] Trial 14 finished with value: -999972000.0 and parameters: {'tp1_r_multiple': 0.4, 'tp2_r_multiple': 1.0, 'tp3_r_multiple': 2.2, 'tp4_r_multiple': 3.2, 'tp5_r_multiple': 4.1, 'tp1_close_pct': 0.1, 'tp2_close_pct': 0.1, 'tp3_close_pct': 0.25, 'tp4_close_pct': 0.15000000000000002, 'sl_after_tp2_r': 0.4, 'sl_after_tp3_r': 0.45, 'sl_after_tp4_r': 1.35}. Best is trial 0 with value: 1821028.0.
[I 2026-06-02 05:36:45,157] Trial 16 pruned. 
/usr/local/lib/python3.11/dist-packages/optuna/distributions.py:671: UserWarning: The distribution is specified by [0.2, 0.7000000000000001] and step=0.05, but the range is not divisible by `step`. It will be replaced with [0.2, 0.7].
  optuna_warn(
/usr/local/lib/python3.11/dist-packages/optuna/distributions.py:671: UserWarning: The distribution is specified by [1.1, 1.9000000000000001] and step=0.05, but the range is not divisible by `step`. It will be replaced with [1.1, 1.9].
  optuna_warn(
[I 2026-06-02 05:37:21,265] Trial 15 finished with value: 23989.0 and parameters: {'tp1_r_multiple': 1.0, 'tp2_r_multiple': 1.8, 'tp3_r_multiple': 2.3, 'tp4_r_multiple': 3.1999999999999997, 'tp5_r_multiple': 3.9999999999999996, 'tp1_close_pct': 0.1, 'tp2_close_pct': 0.1, 'tp3_close_pct': 0.25, 'tp4_close_pct': 0.15000000000000002, 'sl_after_tp2_r': 0.9000000000000001, 'sl_after_tp3_r': 1.55, 'sl_after_tp4_r': 1.6500000000000001}. Best is trial 0 with value: 1821028.0.
/usr/local/lib/python3.11/dist-packages/optuna/distributions.py:671: UserWarning: The distribution is specified by [0.6000000000000001, 1.1] and step=0.05, but the range is not divisible by `step`. It will be replaced with [0.6000000000000001, 1.05].
  optuna_warn(
/usr/local/lib/python3.11/dist-packages/optuna/distributions.py:671: UserWarning: The distribution is specified by [1.05, 1.9000000000000001] and step=0.05, but the range is not divisible by `step`. It will be replaced with [1.05, 1.9].
  optuna_warn(
/usr/local/lib/python3.11/dist-packages/optuna/distributions.py:671: UserWarning: The distribution is specified by [0.6000000000000001, 1.05] and step=0.05, but the range is not divisible by `step`. It will be replaced with [0.6000000000000001, 1.0].
  optuna_warn(
[I 2026-06-02 05:40:30,133] Trial 18 finished with value: 38446.0 and parameters: {'tp1_r_multiple': 0.7000000000000001, 'tp2_r_multiple': 1.1, 'tp3_r_multiple': 1.9000000000000001, 'tp4_r_multiple': 2.9000000000000004, 'tp5_r_multiple': 3.6, 'tp1_close_pct': 0.15000000000000002, 'tp2_close_pct': 0.45, 'tp3_close_pct': 0.1, 'tp4_close_pct': 0.2, 'sl_after_tp2_r': 0.6000000000000001, 'sl_after_tp3_r': 1.05, 'sl_after_tp4_r': 1.55}. Best is trial 0 with value: 1821028.0.
[I 2026-06-02 05:41:47,534] Trial 17 finished with value: -999916100.0 and parameters: {'tp1_r_multiple': 0.7000000000000001, 'tp2_r_multiple': 1.1, 'tp3_r_multiple': 1.9000000000000001, 'tp4_r_multiple': 2.9000000000000004, 'tp5_r_multiple': 3.7, 'tp1_close_pct': 0.15000000000000002, 'tp2_close_pct': 0.1, 'tp3_close_pct': 0.1, 'tp4_close_pct': 0.15000000000000002, 'sl_after_tp2_r': 0.65, 'sl_after_tp3_r': 1.1, 'sl_after_tp4_r': 1.6}. Best is trial 0 with value: 1821028.0.
[I 2026-06-02 05:42:51,024] Trial 19 finished with value: -999976900.0 and parameters: {'tp1_r_multiple': 0.6000000000000001, 'tp2_r_multiple': 1.1, 'tp3_r_multiple': 1.8, 'tp4_r_multiple': 2.8000000000000003, 'tp5_r_multiple': 3.6, 'tp1_close_pct': 0.15000000000000002, 'tp2_close_pct': 0.45, 'tp3_close_pct': 0.05, 'tp4_close_pct': 0.2, 'sl_after_tp2_r': 0.5, 'sl_after_tp3_r': 1.0, 'sl_after_tp4_r': 1.1}. Best is trial 0 with value: 1821028.0.
/usr/local/lib/python3.11/dist-packages/optuna/distributions.py:671: UserWarning: The distribution is specified by [1.7000000000000002, 4.0] and step=0.1, but the range is not divisible by `step`. It will be replaced with [1.7000000000000002, 3.9000000000000004].
  optuna_warn(
/usr/local/lib/python3.11/dist-packages/optuna/distributions.py:671: UserWarning: The distribution is specified by [1.7000000000000002, 3.9000000000000004] and step=0.1, but the range is not divisible by `step`. It will be replaced with [1.7000000000000002, 3.9000000000000004].
  optuna_warn(
[I 2026-06-02 05:42:51,116] Trial 21 pruned. 
/usr/local/lib/python3.11/dist-packages/optuna/distributions.py:671: UserWarning: The distribution is specified by [3.6999999999999997, 6.0] and step=0.1, but the range is not divisible by `step`. It will be replaced with [3.6999999999999997, 6.0].
  optuna_warn(
[I 2026-06-02 05:45:06,130] Trial 20 finished with value: -5860.000000000044 and parameters: {'tp1_r_multiple': 0.6000000000000001, 'tp2_r_multiple': 1.1, 'tp3_r_multiple': 1.8, 'tp4_r_multiple': 2.7, 'tp5_r_multiple': 3.5, 'tp1_close_pct': 0.15000000000000002, 'tp2_close_pct': 0.45, 'tp3_close_pct': 0.05, 'tp4_close_pct': 0.2, 'sl_after_tp2_r': 0.5, 'sl_after_tp3_r': 0.9, 'sl_after_tp4_r': 1.05}. Best is trial 0 with value: 1821028.0.
/usr/local/lib/python3.11/dist-packages/optuna/distributions.py:671: UserWarning: The distribution is specified by [2.6999999999999997, 4.0] and step=0.1, but the range is not divisible by `step`. It will be replaced with [2.6999999999999997, 3.9999999999999996].
  optuna_warn(
